[0.092s] Invoking command in '/home/shorouk/ros2_ws/build/my_cpp_py_pkg': CMAKE_PREFIX_PATH=${CMAKE_PREFIX_PATH}:/home/shorouk/ros2_ws/install/py_srvcli:/home/shorouk/ros2_ws/install/py_pubsub:/home/shorouk/ros2_ws/install/my_python_pkg:/opt/ros/eloquent /usr/bin/cmake --build /home/shorouk/ros2_ws/build/my_cpp_py_pkg -- -j4 -l4
[0.313s] [35m[1mScanning dependencies of target cpp_executable[0m
[0.418s] [ 50%] [32mBuilding CXX object CMakeFiles/cpp_executable.dir/src/cpp_node.cpp.o[0m
[6.210s] [01m[K/home/shorouk/ros2_ws/src/my_cpp_py_pkg/src/cpp_node.cpp:96:29:[m[K [01;31m[Kerror: [m[Kexpected identifier before string constant
[6.211s]     std::string cmd_received([01;31m[K"What is ?"[m[K);
[6.211s]                              [01;31m[K^~~~~~~~~~~[m[K
[6.212s] [01m[K/home/shorouk/ros2_ws/src/my_cpp_py_pkg/src/cpp_node.cpp:96:29:[m[K [01;31m[Kerror: [m[Kexpected â€˜[01m[K,[m[Kâ€™ or â€˜[01m[K...[m[Kâ€™ before string constant
[6.409s] [01m[K/home/shorouk/ros2_ws/src/my_cpp_py_pkg/src/cpp_node.cpp:[m[K In member function â€˜[01m[Kvoid MyNode::timer_callback()[m[Kâ€™:
[6.409s] [01m[K/home/shorouk/ros2_ws/src/my_cpp_py_pkg/src/cpp_node.cpp:57:20:[m[K [01;31m[Kerror: [m[Kinvalid use of non-static member function â€˜[01m[Kstd::__cxx11::string MyNode::cmd_received(int)[m[Kâ€™
[6.410s]      message.data = [01;31m[Kcmd_received[m[K;
[6.411s]                     [01;31m[K^~~~~~~~~~~~[m[K
[6.412s] [01m[K/home/shorouk/ros2_ws/src/my_cpp_py_pkg/src/cpp_node.cpp:96:16:[m[K [01;36m[Knote: [m[Kdeclared here
[6.413s]     std::string [01;36m[Kcmd_received[m[K("What is ?");
[6.413s]                 [01;36m[K^~~~~~~~~~~~[m[K
[6.414s] In file included from [01m[K/opt/ros/eloquent/include/rclcpp/client.hpp:39:0[m[K,
[6.414s]                  from [01m[K/opt/ros/eloquent/include/rclcpp/callback_group.hpp:23[m[K,
[6.415s]                  from [01m[K/opt/ros/eloquent/include/rclcpp/any_executable.hpp:20[m[K,
[6.415s]                  from [01m[K/opt/ros/eloquent/include/rclcpp/memory_strategy.hpp:24[m[K,
[6.416s]                  from [01m[K/opt/ros/eloquent/include/rclcpp/memory_strategies.hpp:18[m[K,
[6.416s]                  from [01m[K/opt/ros/eloquent/include/rclcpp/executor.hpp:33[m[K,
[6.416s]                  from [01m[K/opt/ros/eloquent/include/rclcpp/executors/multi_threaded_executor.hpp:25[m[K,
[6.417s]                  from [01m[K/opt/ros/eloquent/include/rclcpp/executors.hpp:21[m[K,
[6.417s]                  from [01m[K/opt/ros/eloquent/include/rclcpp/rclcpp.hpp:145[m[K,
[6.418s]                  from [01m[K/home/shorouk/ros2_ws/src/my_cpp_py_pkg/src/cpp_node.cpp:7[m[K:
[6.418s] [01m[K/opt/ros/eloquent/include/rcutils/logging_macros.h:72:75:[m[K [01;31m[Kerror: [m[Kinvalid use of non-static member function â€˜[01m[Kstd::__cxx11::string MyNode::cmd_received(int)[m[Kâ€™
[6.419s]      rcutils_log(&__rcutils_logging_location, severity, name, __VA_ARGS__[01;31m[K)[m[K; \
[6.419s]                                                                          [01;31m[K^[m[K
[6.420s] [01m[K/opt/ros/eloquent/include/rcutils/logging_macros.h:500:3:[m[K [01;36m[Knote: [m[Kin expansion of macro â€˜[01m[KRCUTILS_LOG_COND_NAMED[m[Kâ€™
[6.420s]    [01;36m[KRCUTILS_LOG_COND_NAMED[m[K( \
[6.421s]    [01;36m[K^~~~~~~~~~~~~~~~~~~~~~[m[K
[6.421s] [01m[K/opt/ros/eloquent/include/rclcpp/logging.hpp:541:5:[m[K [01;36m[Knote: [m[Kin expansion of macro â€˜[01m[KRCUTILS_LOG_INFO_NAMED[m[Kâ€™
[6.421s]      [01;36m[KRCUTILS_LOG_INFO_NAMED[m[K( \
[6.422s]      [01;36m[K^~~~~~~~~~~~~~~~~~~~~~[m[K
[6.422s] [01m[K/home/shorouk/ros2_ws/src/my_cpp_py_pkg/src/cpp_node.cpp:58:5:[m[K [01;36m[Knote: [m[Kin expansion of macro â€˜[01m[KRCLCPP_INFO[m[Kâ€™
[6.423s]      [01;36m[KRCLCPP_INFO[m[K(this->get_logger(), "Publishing: '%s'",cmd_received);
[6.424s]      [01;36m[K^~~~~~~~~~~[m[K
[6.424s] [01m[K/home/shorouk/ros2_ws/src/my_cpp_py_pkg/src/cpp_node.cpp:96:16:[m[K [01;36m[Knote: [m[Kdeclared here
[6.425s]     std::string [01;36m[Kcmd_received[m[K("What is ?");
[6.425s]                 [01;36m[K^~~~~~~~~~~~[m[K
[11.039s] CMakeFiles/cpp_executable.dir/build.make:62: recipe for target 'CMakeFiles/cpp_executable.dir/src/cpp_node.cpp.o' failed
[11.040s] make[2]: *** [CMakeFiles/cpp_executable.dir/src/cpp_node.cpp.o] Error 1
[11.040s] CMakeFiles/Makefile2:131: recipe for target 'CMakeFiles/cpp_executable.dir/all' failed
[11.041s] make[1]: *** [CMakeFiles/cpp_executable.dir/all] Error 2
[11.042s] Makefile:140: recipe for target 'all' failed
[11.043s] make: *** [all] Error 2
[11.048s] Invoked command in '/home/shorouk/ros2_ws/build/my_cpp_py_pkg' returned '2': CMAKE_PREFIX_PATH=${CMAKE_PREFIX_PATH}:/home/shorouk/ros2_ws/install/py_srvcli:/home/shorouk/ros2_ws/install/py_pubsub:/home/shorouk/ros2_ws/install/my_python_pkg:/opt/ros/eloquent /usr/bin/cmake --build /home/shorouk/ros2_ws/build/my_cpp_py_pkg -- -j4 -l4
