[01m[K/home/shorouk/ros2_ws/src/my_cpp_py_pkg/src/cpp_node.cpp:[m[K In member function â€˜[01m[Kvoid MyNode::topic_callback(std_msgs::msg::String_<std::allocator<void> >::SharedPtr) const[m[Kâ€™:
[01m[K/home/shorouk/ros2_ws/src/my_cpp_py_pkg/src/cpp_node.cpp:36:27:[m[K [01;31m[Kerror: [m[Kno matching function for call to â€˜[01m[KMyNode::timer_callback(const MyNode*) const[m[Kâ€™
        timer_callback(this[01;31m[K)[m[K ;
                           [01;31m[K^[m[K
[01m[K/home/shorouk/ros2_ws/src/my_cpp_py_pkg/src/cpp_node.cpp:26:10:[m[K [01;36m[Knote: [m[Kcandidate: void MyNode::timer_callback()
     void [01;36m[Ktimer_callback[m[K()
          [01;36m[K^~~~~~~~~~~~~~[m[K
[01m[K/home/shorouk/ros2_ws/src/my_cpp_py_pkg/src/cpp_node.cpp:26:10:[m[K [01;36m[Knote: [m[K  candidate expects 0 arguments, 1 provided
make[2]: *** [CMakeFiles/cpp_executable.dir/src/cpp_node.cpp.o] Error 1
make[1]: *** [CMakeFiles/cpp_executable.dir/all] Error 2
make: *** [all] Error 2
