[0.072s] Invoking command in '/home/shorouk/ros2_ws/build/my_cpp_py_pkg': CMAKE_PREFIX_PATH=/home/shorouk/ros2_ws/install/py_srvcli:/home/shorouk/ros2_ws/install/py_pubsub:/home/shorouk/ros2_ws/install/my_python_pkg /usr/bin/cmake --build /home/shorouk/ros2_ws/build/my_cpp_py_pkg -- -j4 -l4
[0.332s] [ 50%] [32m[1mLinking CXX executable cpp_executable[0m
[0.528s] /usr/lib/gcc/x86_64-linux-gnu/7/../../../x86_64-linux-gnu/Scrt1.o: In function `_start':
[0.529s] (.text+0x20): undefined reference to `main'
[0.530s] collect2: error: ld returned 1 exit status
[0.538s] make[2]: *** [cpp_executable] Error 1
[0.540s] CMakeFiles/cpp_executable.dir/build.make:129: recipe for target 'cpp_executable' failed
[0.541s] CMakeFiles/Makefile2:131: recipe for target 'CMakeFiles/cpp_executable.dir/all' failed
[0.542s] make[1]: *** [CMakeFiles/cpp_executable.dir/all] Error 2
[0.543s] Makefile:140: recipe for target 'all' failed
[0.546s] make: *** [all] Error 2
[0.549s] Invoked command in '/home/shorouk/ros2_ws/build/my_cpp_py_pkg' returned '2': CMAKE_PREFIX_PATH=/home/shorouk/ros2_ws/install/py_srvcli:/home/shorouk/ros2_ws/install/py_pubsub:/home/shorouk/ros2_ws/install/my_python_pkg /usr/bin/cmake --build /home/shorouk/ros2_ws/build/my_cpp_py_pkg -- -j4 -l4
