[0.064s] Invoking command in '/home/shorouk/ros2_ws/build/tutorial_interfaces': CMAKE_PREFIX_PATH=/home/shorouk/ros2_ws/install/py_srvcli:/home/shorouk/ros2_ws/install/my_python_pkg:/opt/ros/eloquent /usr/bin/cmake /home/shorouk/ros2_ws/src/tutorial_interfaces -DCMAKE_INSTALL_PREFIX=/home/shorouk/ros2_ws/install/tutorial_interfaces
[0.303s] -- The C compiler identification is GNU 7.5.0
[0.518s] -- The CXX compiler identification is GNU 7.5.0
[0.535s] -- Check for working C compiler: /usr/bin/cc
[0.818s] -- Check for working C compiler: /usr/bin/cc -- works
[0.821s] -- Detecting C compiler ABI info
[1.121s] -- Detecting C compiler ABI info - done
[1.149s] -- Detecting C compile features
[2.027s] -- Detecting C compile features - done
[2.038s] -- Check for working CXX compiler: /usr/bin/c++
[2.359s] -- Check for working CXX compiler: /usr/bin/c++ -- works
[2.362s] -- Detecting CXX compiler ABI info
[2.687s] -- Detecting CXX compiler ABI info - done
[2.710s] -- Detecting CXX compile features
[4.108s] -- Detecting CXX compile features - done
[4.116s] -- Found ament_cmake: 0.8.2 (/opt/ros/eloquent/share/ament_cmake/cmake)
[4.241s] -- Found PythonInterp: /usr/bin/python3 (found suitable version "3.6.9", minimum required is "3") 
[4.242s] -- Using PYTHON_EXECUTABLE: /usr/bin/python3
[5.254s] -- Found rosidl_default_generators: 0.8.0 (/opt/ros/eloquent/share/rosidl_default_generators/cmake)
[5.623s] -- Found OpenSSL: /usr/lib/x86_64-linux-gnu/libcrypto.so (found version "1.1.1") 
[5.718s] -- Found FastRTPS: /opt/ros/eloquent/include  
[5.796s] -- Found rosidl_adapter: 0.8.2 (/opt/ros/eloquent/share/rosidl_adapter/cmake)
[6.142s] CMake Error at /opt/ros/eloquent/share/rosidl_cmake/cmake/rosidl_generate_interfaces.cmake:93 (message):
[6.144s]   rosidl_generate_interfaces() the passed file 'msg/Num.msg' doesn't exist
[6.145s]   relative to the CMAKE_CURRENT_SOURCE_DIR
[6.145s]   '/home/shorouk/ros2_ws/src/tutorial_interfaces'
[6.146s] Call Stack (most recent call first):
[6.147s]   CMakeLists.txt:26 (rosidl_generate_interfaces)
[6.148s] 
[6.149s] 
[6.150s] -- Configuring incomplete, errors occurred!
[6.150s] See also "/home/shorouk/ros2_ws/build/tutorial_interfaces/CMakeFiles/CMakeOutput.log".
[6.167s] Invoked command in '/home/shorouk/ros2_ws/build/tutorial_interfaces' returned '1': CMAKE_PREFIX_PATH=/home/shorouk/ros2_ws/install/py_srvcli:/home/shorouk/ros2_ws/install/my_python_pkg:/opt/ros/eloquent /usr/bin/cmake /home/shorouk/ros2_ws/src/tutorial_interfaces -DCMAKE_INSTALL_PREFIX=/home/shorouk/ros2_ws/install/tutorial_interfaces
[6.229s] Traceback (most recent call last):
  File "/usr/lib/python3/dist-packages/colcon_core/executor/__init__.py", line 91, in __call__
    rc = await self.task(*args, **kwargs)
  File "/usr/lib/python3/dist-packages/colcon_core/task/__init__.py", line 93, in __call__
    return await task_method(*args, **kwargs)
  File "/usr/lib/python3/dist-packages/colcon_ros/task/ament_cmake/build.py", line 66, in build
    if await has_target(args.build_base, 'install'):
  File "/usr/lib/python3/dist-packages/colcon_cmake/task/cmake/__init__.py", line 57, in has_target
    return target in await get_makefile_targets(path)
  File "/usr/lib/python3/dist-packages/colcon_cmake/task/cmake/__init__.py", line 78, in get_makefile_targets
    CMAKE_EXECUTABLE, '--build', path, '--target', 'help'], cwd=path)
  File "/usr/lib/python3/dist-packages/colcon_core/subprocess.py", line 110, in check_output
    'Expected {args} to pass: {stderr_data}'.format_map(locals())
AssertionError: Expected ['/usr/bin/cmake', '--build', '/home/shorouk/ros2_ws/build/tutorial_interfaces', '--target', 'help'] to pass: make: *** No rule to make target 'help'.  Stop.

