[35m[1mScanning dependencies of target cpp_executable[0m
[ 50%] [32mBuilding CXX object CMakeFiles/cpp_executable.dir/src/cpp_node.cpp.o[0m
[01m[K/home/shorouk/ros2_ws/src/my_cpp_py_pkg/src/cpp_node.cpp:96:2:[m[K [01;31m[Kerror: [m[Kexpected â€˜[01m[K;[m[Kâ€™ at end of member declaration
  [01;31m[Kstring[m[K msgback;
  [01;31m[K^~~~~~[m[K
[01m[K/home/shorouk/ros2_ws/src/my_cpp_py_pkg/src/cpp_node.cpp:96:9:[m[K [01;31m[Kerror: [m[Kâ€˜[01m[Kmsgback[m[Kâ€™ does not name a type; did you mean â€˜[01m[Ksigstack[m[Kâ€™?
  string [01;31m[Kmsgback[m[K;
         [01;31m[K^~~~~~~[m[K
         [32m[Ksigstack[m[K
[01m[K/home/shorouk/ros2_ws/src/my_cpp_py_pkg/src/cpp_node.cpp:[m[K In constructor â€˜[01m[KMyNode::MyNode()[m[Kâ€™:
[01m[K/home/shorouk/ros2_ws/src/my_cpp_py_pkg/src/cpp_node.cpp:25:5:[m[K [01;31m[Kerror: [m[Kâ€˜[01m[Ksubscription_[m[Kâ€™ was not declared in this scope
     [01;31m[Ksubscription_[m[K = this->create_subscription<std_msgs::msg::String>(
     [01;31m[K^~~~~~~~~~~~~[m[K
[01m[K/home/shorouk/ros2_ws/src/my_cpp_py_pkg/src/cpp_node.cpp:25:5:[m[K [01;36m[Knote: [m[Ksuggested alternative: â€˜[01m[Krcl_subscription_t[m[Kâ€™
     [01;36m[Ksubscription_[m[K = this->create_subscription<std_msgs::msg::String>(
     [01;36m[K^~~~~~~~~~~~~[m[K
     [32m[Krcl_subscription_t[m[K
CMakeFiles/cpp_executable.dir/build.make:62: recipe for target 'CMakeFiles/cpp_executable.dir/src/cpp_node.cpp.o' failed
make[2]: *** [CMakeFiles/cpp_executable.dir/src/cpp_node.cpp.o] Error 1
CMakeFiles/Makefile2:131: recipe for target 'CMakeFiles/cpp_executable.dir/all' failed
make[1]: *** [CMakeFiles/cpp_executable.dir/all] Error 2
Makefile:140: recipe for target 'all' failed
make: *** [all] Error 2
