[0.063s] Invoking command in '/home/shorouk/ros2_ws/build/my_cpp_py_pkg': CMAKE_PREFIX_PATH=${CMAKE_PREFIX_PATH}:/home/shorouk/ros2_ws/install/py_srvcli:/home/shorouk/ros2_ws/install/py_pubsub:/home/shorouk/ros2_ws/install/my_python_pkg:/opt/ros/eloquent /usr/bin/cmake --build /home/shorouk/ros2_ws/build/my_cpp_py_pkg -- -j4 -l4
[0.253s] [35m[1mScanning dependencies of target cpp_executable[0m
[0.355s] [ 50%] [32mBuilding CXX object CMakeFiles/cpp_executable.dir/src/cpp_node.cpp.o[0m
[5.198s] [01m[K/home/shorouk/ros2_ws/src/my_cpp_py_pkg/src/cpp_node.cpp:96:2:[m[K [01;31m[Kerror: [m[Kexpected â€˜[01m[K;[m[Kâ€™ at end of member declaration
[5.199s]   [01;31m[Kstring[m[K msgback;
[5.199s]   [01;31m[K^~~~~~[m[K
[5.201s] [01m[K/home/shorouk/ros2_ws/src/my_cpp_py_pkg/src/cpp_node.cpp:96:9:[m[K [01;31m[Kerror: [m[Kâ€˜[01m[Kmsgback[m[Kâ€™ does not name a type; did you mean â€˜[01m[Ksigstack[m[Kâ€™?
[5.202s]   string [01;31m[Kmsgback[m[K;
[5.203s]          [01;31m[K^~~~~~~[m[K
[5.203s]          [32m[Ksigstack[m[K
[5.205s] [01m[K/home/shorouk/ros2_ws/src/my_cpp_py_pkg/src/cpp_node.cpp:[m[K In constructor â€˜[01m[KMyNode::MyNode()[m[Kâ€™:
[5.206s] [01m[K/home/shorouk/ros2_ws/src/my_cpp_py_pkg/src/cpp_node.cpp:25:5:[m[K [01;31m[Kerror: [m[Kâ€˜[01m[Ksubscription_[m[Kâ€™ was not declared in this scope
[5.206s]      [01;31m[Ksubscription_[m[K = this->create_subscription<std_msgs::msg::String>(
[5.207s]      [01;31m[K^~~~~~~~~~~~~[m[K
[5.214s] [01m[K/home/shorouk/ros2_ws/src/my_cpp_py_pkg/src/cpp_node.cpp:25:5:[m[K [01;36m[Knote: [m[Ksuggested alternative: â€˜[01m[Krcl_subscription_t[m[Kâ€™
[5.214s]      [01;36m[Ksubscription_[m[K = this->create_subscription<std_msgs::msg::String>(
[5.215s]      [01;36m[K^~~~~~~~~~~~~[m[K
[5.215s]      [32m[Krcl_subscription_t[m[K
[9.284s] CMakeFiles/cpp_executable.dir/build.make:62: recipe for target 'CMakeFiles/cpp_executable.dir/src/cpp_node.cpp.o' failed
[9.286s] make[2]: *** [CMakeFiles/cpp_executable.dir/src/cpp_node.cpp.o] Error 1
[9.287s] CMakeFiles/Makefile2:131: recipe for target 'CMakeFiles/cpp_executable.dir/all' failed
[9.287s] make[1]: *** [CMakeFiles/cpp_executable.dir/all] Error 2
[9.288s] Makefile:140: recipe for target 'all' failed
[9.289s] make: *** [all] Error 2
[9.295s] Invoked command in '/home/shorouk/ros2_ws/build/my_cpp_py_pkg' returned '2': CMAKE_PREFIX_PATH=${CMAKE_PREFIX_PATH}:/home/shorouk/ros2_ws/install/py_srvcli:/home/shorouk/ros2_ws/install/py_pubsub:/home/shorouk/ros2_ws/install/my_python_pkg:/opt/ros/eloquent /usr/bin/cmake --build /home/shorouk/ros2_ws/build/my_cpp_py_pkg -- -j4 -l4
