[0.074s] Invoking command in '/home/shorouk/ros2_ws/build/my_cpp_py_pkg': CMAKE_PREFIX_PATH=${CMAKE_PREFIX_PATH}:/home/shorouk/ros2_ws/install/py_srvcli:/home/shorouk/ros2_ws/install/py_pubsub:/home/shorouk/ros2_ws/install/my_python_pkg:/opt/ros/eloquent /usr/bin/cmake --build /home/shorouk/ros2_ws/build/my_cpp_py_pkg -- -j4 -l4
[0.264s] [35m[1mScanning dependencies of target cpp_executable[0m
[0.366s] [ 50%] [32mBuilding CXX object CMakeFiles/cpp_executable.dir/src/cpp_node.cpp.o[0m
[5.955s] [01m[K/home/shorouk/ros2_ws/src/my_cpp_py_pkg/src/cpp_node.cpp:[m[K In member function â€˜[01m[Kvoid MyNode::topic_callback(std_msgs::msg::String_<std::allocator<void> >::SharedPtr) const[m[Kâ€™:
[5.957s] [01m[K/home/shorouk/ros2_ws/src/my_cpp_py_pkg/src/cpp_node.cpp:66:40:[m[K [01;31m[Kerror: [m[Kno matching function for call to â€˜[01m[KMyNode::Direction(const char*) const[m[Kâ€™
[5.958s]    message = Direction(msg->data.c_str()[01;31m[K)[m[K;
[5.959s]                                         [01;31m[K^[m[K
[5.960s] [01m[K/home/shorouk/ros2_ws/src/my_cpp_py_pkg/src/cpp_node.cpp:34:9:[m[K [01;36m[Knote: [m[Kcandidate: std::__cxx11::string MyNode::Direction(std_msgs::msg::String_<std::allocator<void> >::SharedPtr)
[5.961s]   string [01;36m[KDirection[m[K(std_msgs::msg::String::SharedPtr  x)
[5.962s]          [01;36m[K^~~~~~~~~[m[K
[5.963s] [01m[K/home/shorouk/ros2_ws/src/my_cpp_py_pkg/src/cpp_node.cpp:34:9:[m[K [01;36m[Knote: [m[K  no known conversion for argument 1 from â€˜[01m[Kconst char*[m[Kâ€™ to â€˜[01m[Kstd_msgs::msg::String_<std::allocator<void> >::SharedPtr {aka std::shared_ptr<std_msgs::msg::String_<std::allocator<void> > >}[m[Kâ€™
[10.636s] CMakeFiles/cpp_executable.dir/build.make:62: recipe for target 'CMakeFiles/cpp_executable.dir/src/cpp_node.cpp.o' failed
[10.638s] make[2]: *** [CMakeFiles/cpp_executable.dir/src/cpp_node.cpp.o] Error 1
[10.639s] make[1]: *** [CMakeFiles/cpp_executable.dir/all] Error 2
[10.640s] CMakeFiles/Makefile2:131: recipe for target 'CMakeFiles/cpp_executable.dir/all' failed
[10.641s] Makefile:140: recipe for target 'all' failed
[10.642s] make: *** [all] Error 2
[10.647s] Invoked command in '/home/shorouk/ros2_ws/build/my_cpp_py_pkg' returned '2': CMAKE_PREFIX_PATH=${CMAKE_PREFIX_PATH}:/home/shorouk/ros2_ws/install/py_srvcli:/home/shorouk/ros2_ws/install/py_pubsub:/home/shorouk/ros2_ws/install/my_python_pkg:/opt/ros/eloquent /usr/bin/cmake --build /home/shorouk/ros2_ws/build/my_cpp_py_pkg -- -j4 -l4
