[01m[K/home/shorouk/ros2_ws/src/my_cpp_py_pkg/src/cpp_node.cpp:41:4:[m[K [01;31m[Kerror: [m[Kâ€˜[01m[KString[m[Kâ€™ does not name a type; did you mean â€˜[01m[Kstdin[m[Kâ€™?
    [01;31m[KString[m[K Direction(string x)
    [01;31m[K^~~~~~[m[K
    [32m[Kstdin[m[K
[01m[K/home/shorouk/ros2_ws/src/my_cpp_py_pkg/src/cpp_node.cpp:[m[K In member function â€˜[01m[Kvoid MyNode::topic_callback(std_msgs::msg::String_<std::allocator<void> >::SharedPtr) const[m[Kâ€™:
[01m[K/home/shorouk/ros2_ws/src/my_cpp_py_pkg/src/cpp_node.cpp:73:18:[m[K [01;31m[Kerror: [m[Kâ€˜[01m[KDirection[m[Kâ€™ was not declared in this scope
   message.data = [01;31m[KDirection[m[K(message.data);
                  [01;31m[K^~~~~~~~~[m[K
[01m[K/home/shorouk/ros2_ws/src/my_cpp_py_pkg/src/cpp_node.cpp:73:18:[m[K [01;36m[Knote: [m[Ksuggested alternative: â€˜[01m[Ksigaction[m[Kâ€™
   message.data = [01;36m[KDirection[m[K(message.data);
                  [01;36m[K^~~~~~~~~[m[K
                  [32m[Ksigaction[m[K
make[2]: *** [CMakeFiles/cpp_executable.dir/src/cpp_node.cpp.o] Error 1
make[1]: *** [CMakeFiles/cpp_executable.dir/all] Error 2
make: *** [all] Error 2
