[0.071s] Invoking command in '/home/shorouk/ros2_ws/build/my_cpp_py_pkg': CMAKE_PREFIX_PATH=${CMAKE_PREFIX_PATH}:/home/shorouk/ros2_ws/install/py_srvcli:/home/shorouk/ros2_ws/install/py_pubsub:/home/shorouk/ros2_ws/install/my_python_pkg:/opt/ros/eloquent /usr/bin/cmake --build /home/shorouk/ros2_ws/build/my_cpp_py_pkg -- -j4 -l4
[0.263s] [35m[1mScanning dependencies of target cpp_executable[0m
[0.365s] [ 50%] [32mBuilding CXX object CMakeFiles/cpp_executable.dir/src/cpp_node.cpp.o[0m
[5.089s] [01m[K/home/shorouk/ros2_ws/src/my_cpp_py_pkg/src/cpp_node.cpp:41:4:[m[K [01;31m[Kerror: [m[Kâ€˜[01m[KString[m[Kâ€™ does not name a type; did you mean â€˜[01m[Kstdin[m[Kâ€™?
[5.090s]     [01;31m[KString[m[K Direction(string x)
[5.090s]     [01;31m[K^~~~~~[m[K
[5.091s]     [32m[Kstdin[m[K
[5.374s] [01m[K/home/shorouk/ros2_ws/src/my_cpp_py_pkg/src/cpp_node.cpp:[m[K In member function â€˜[01m[Kvoid MyNode::topic_callback(std_msgs::msg::String_<std::allocator<void> >::SharedPtr) const[m[Kâ€™:
[5.375s] [01m[K/home/shorouk/ros2_ws/src/my_cpp_py_pkg/src/cpp_node.cpp:73:18:[m[K [01;31m[Kerror: [m[Kâ€˜[01m[KDirection[m[Kâ€™ was not declared in this scope
[5.376s]    message.data = [01;31m[KDirection[m[K(message.data);
[5.377s]                   [01;31m[K^~~~~~~~~[m[K
[5.379s] [01m[K/home/shorouk/ros2_ws/src/my_cpp_py_pkg/src/cpp_node.cpp:73:18:[m[K [01;36m[Knote: [m[Ksuggested alternative: â€˜[01m[Ksigaction[m[Kâ€™
[5.380s]    message.data = [01;36m[KDirection[m[K(message.data);
[5.380s]                   [01;36m[K^~~~~~~~~[m[K
[5.381s]                   [32m[Ksigaction[m[K
[9.488s] CMakeFiles/cpp_executable.dir/build.make:62: recipe for target 'CMakeFiles/cpp_executable.dir/src/cpp_node.cpp.o' failed
[9.490s] make[2]: *** [CMakeFiles/cpp_executable.dir/src/cpp_node.cpp.o] Error 1
[9.491s] CMakeFiles/Makefile2:131: recipe for target 'CMakeFiles/cpp_executable.dir/all' failed
[9.492s] make[1]: *** [CMakeFiles/cpp_executable.dir/all] Error 2
[9.492s] make: *** [all] Error 2
[9.494s] Makefile:140: recipe for target 'all' failed
[9.498s] Invoked command in '/home/shorouk/ros2_ws/build/my_cpp_py_pkg' returned '2': CMAKE_PREFIX_PATH=${CMAKE_PREFIX_PATH}:/home/shorouk/ros2_ws/install/py_srvcli:/home/shorouk/ros2_ws/install/py_pubsub:/home/shorouk/ros2_ws/install/my_python_pkg:/opt/ros/eloquent /usr/bin/cmake --build /home/shorouk/ros2_ws/build/my_cpp_py_pkg -- -j4 -l4
