[01m[K/home/shorouk/ros2_ws/src/my_cpp_py_pkg/src/cpp_node.cpp:[m[K In member function â€˜[01m[Kvoid MyNode::topic_callback(std_msgs::msg::String_<std::allocator<void> >::SharedPtr) const[m[Kâ€™:
[01m[K/home/shorouk/ros2_ws/src/my_cpp_py_pkg/src/cpp_node.cpp:46:11:[m[K [01;31m[Kerror: [m[Kâ€˜[01m[Ksrtcmp[m[Kâ€™ was not declared in this scope
   else if([01;31m[Ksrtcmp[m[K(msg->data,"2"))
           [01;31m[K^~~~~~[m[K
[01m[K/home/shorouk/ros2_ws/src/my_cpp_py_pkg/src/cpp_node.cpp:46:11:[m[K [01;36m[Knote: [m[Ksuggested alternative: â€˜[01m[Kstrncmp[m[Kâ€™
   else if([01;36m[Ksrtcmp[m[K(msg->data,"2"))
           [01;36m[K^~~~~~[m[K
           [32m[Kstrncmp[m[K
make[2]: *** [CMakeFiles/cpp_executable.dir/src/cpp_node.cpp.o] Error 1
make[1]: *** [CMakeFiles/cpp_executable.dir/all] Error 2
make: *** [all] Error 2
