[0.069s] Invoking command in '/home/shorouk/ros2_ws/build/my_cpp_py_pkg': CMAKE_PREFIX_PATH=${CMAKE_PREFIX_PATH}:/home/shorouk/ros2_ws/install/py_srvcli:/home/shorouk/ros2_ws/install/py_pubsub:/home/shorouk/ros2_ws/install/my_python_pkg:/opt/ros/eloquent /usr/bin/cmake --build /home/shorouk/ros2_ws/build/my_cpp_py_pkg -- -j4 -l4
[0.261s] [35m[1mScanning dependencies of target cpp_executable[0m
[0.363s] [ 50%] [32mBuilding CXX object CMakeFiles/cpp_executable.dir/src/cpp_node.cpp.o[0m
[5.350s] [01m[K/home/shorouk/ros2_ws/src/my_cpp_py_pkg/src/cpp_node.cpp:[m[K In member function â€˜[01m[Kvoid MyNode::topic_callback(std_msgs::msg::String_<std::allocator<void> >::SharedPtr) const[m[Kâ€™:
[5.351s] [01m[K/home/shorouk/ros2_ws/src/my_cpp_py_pkg/src/cpp_node.cpp:46:11:[m[K [01;31m[Kerror: [m[Kâ€˜[01m[Ksrtcmp[m[Kâ€™ was not declared in this scope
[5.351s]    else if([01;31m[Ksrtcmp[m[K(msg->data,"2"))
[5.352s]            [01;31m[K^~~~~~[m[K
[5.353s] [01m[K/home/shorouk/ros2_ws/src/my_cpp_py_pkg/src/cpp_node.cpp:46:11:[m[K [01;36m[Knote: [m[Ksuggested alternative: â€˜[01m[Kstrncmp[m[Kâ€™
[5.354s]    else if([01;36m[Ksrtcmp[m[K(msg->data,"2"))
[5.354s]            [01;36m[K^~~~~~[m[K
[5.355s]            [32m[Kstrncmp[m[K
[9.459s] CMakeFiles/cpp_executable.dir/build.make:62: recipe for target 'CMakeFiles/cpp_executable.dir/src/cpp_node.cpp.o' failed
[9.460s] make[2]: *** [CMakeFiles/cpp_executable.dir/src/cpp_node.cpp.o] Error 1
[9.461s] CMakeFiles/Makefile2:131: recipe for target 'CMakeFiles/cpp_executable.dir/all' failed
[9.462s] make[1]: *** [CMakeFiles/cpp_executable.dir/all] Error 2
[9.462s] make: *** [all] Error 2
[9.463s] Makefile:140: recipe for target 'all' failed
[9.467s] Invoked command in '/home/shorouk/ros2_ws/build/my_cpp_py_pkg' returned '2': CMAKE_PREFIX_PATH=${CMAKE_PREFIX_PATH}:/home/shorouk/ros2_ws/install/py_srvcli:/home/shorouk/ros2_ws/install/py_pubsub:/home/shorouk/ros2_ws/install/my_python_pkg:/opt/ros/eloquent /usr/bin/cmake --build /home/shorouk/ros2_ws/build/my_cpp_py_pkg -- -j4 -l4
