[0.000000] (-) TimerEvent: {}
[0.004639] (-) JobUnselected: {'identifier': 'my_python_pkg'}
[0.004933] (-) JobUnselected: {'identifier': 'py_pubsub'}
[0.005138] (-) JobUnselected: {'identifier': 'py_srvcli'}
[0.005279] (-) JobUnselected: {'identifier': 'tutorial_interfaces'}
[0.008873] (my_cpp_py_pkg) JobQueued: {'identifier': 'my_cpp_py_pkg', 'dependencies': OrderedDict()}
[0.009053] (my_cpp_py_pkg) JobStarted: {'identifier': 'my_cpp_py_pkg'}
[0.069601] (my_cpp_py_pkg) JobProgress: {'identifier': 'my_cpp_py_pkg', 'progress': 'cmake'}
[0.072892] (my_cpp_py_pkg) JobProgress: {'identifier': 'my_cpp_py_pkg', 'progress': 'build'}
[0.077394] (my_cpp_py_pkg) Command: {'cmd': ['/usr/bin/cmake', '--build', '/home/shorouk/ros2_ws/build/my_cpp_py_pkg', '--', '-j4', '-l4'], 'cwd': '/home/shorouk/ros2_ws/build/my_cpp_py_pkg', 'env': OrderedDict([('GJS_DEBUG_TOPICS', 'JS ERROR;JS LOG'), ('LESSOPEN', '| /usr/bin/lesspipe %s'), ('USER', 'shorouk'), ('LC_TIME', 'ar_EG.UTF-8'), ('TEXTDOMAIN', 'im-config'), ('XDG_SEAT', 'seat0'), ('SSH_AGENT_PID', '1543'), ('XDG_SESSION_TYPE', 'x11'), ('LD_LIBRARY_PATH', '/opt/ros/eloquent/opt/yaml_cpp_vendor/lib:/opt/ros/eloquent/opt/rviz_ogre_vendor/lib:/opt/ros/eloquent/lib/x86_64-linux-gnu:/opt/ros/eloquent/lib'), ('SHLVL', '1'), ('OLDPWD', '/home/shorouk'), ('QT4_IM_MODULE', 'xim'), ('HOME', '/home/shorouk'), ('DESKTOP_SESSION', 'ubuntu'), ('GNOME_SHELL_SESSION_MODE', 'ubuntu'), ('GTK_MODULES', 'gail:atk-bridge'), ('ROS_PYTHON_VERSION', '3'), ('LC_MONETARY', 'ar_EG.UTF-8'), ('DBUS_SESSION_BUS_ADDRESS', 'unix:path=/run/user/1000/bus'), ('COLORTERM', 'truecolor'), ('COLCON_PREFIX_PATH', '/home/shorouk/ros2_ws/install'), ('IM_CONFIG_PHASE', '2'), ('ROS_DISTRO', 'eloquent'), ('LOGNAME', 'shorouk'), ('GTK_IM_MODULE', 'ibus'), ('_', '/usr/bin/colcon'), ('ROS_VERSION', '2'), ('USERNAME', 'shorouk'), ('XDG_SESSION_ID', '2'), ('TERM', 'xterm-256color'), ('ROS_LOCALHOST_ONLY', '0'), ('GNOME_DESKTOP_SESSION_ID', 'this-is-deprecated'), ('WINDOWPATH', '2'), ('PATH', '/opt/ros/eloquent/bin:/usr/local/sbin:/usr/local/bin:/usr/sbin:/usr/bin:/sbin:/bin:/usr/games:/usr/local/games:/snap/bin'), ('SESSION_MANAGER', 'local/shorouk-Inspiron-5521:@/tmp/.ICE-unix/1448,unix/shorouk-Inspiron-5521:/tmp/.ICE-unix/1448'), ('XDG_MENU_PREFIX', 'gnome-'), ('GNOME_TERMINAL_SCREEN', '/org/gnome/Terminal/screen/1bec88db_ff77_4e07_adae_164e8b6347ad'), ('LC_ADDRESS', 'ar_EG.UTF-8'), ('XDG_RUNTIME_DIR', '/run/user/1000'), ('DISPLAY', ':0'), ('LANG', 'en_US.UTF-8'), ('XDG_CURRENT_DESKTOP', 'ubuntu:GNOME'), ('LC_TELEPHONE', 'ar_EG.UTF-8'), ('LS_COLORS', 'rs=0:di=01;34:ln=01;36:mh=00:pi=40;33:so=01;35:do=01;35:bd=40;33;01:cd=40;33;01:or=40;31;01:mi=00:su=37;41:sg=30;43:ca=30;41:tw=30;42:ow=34;42:st=37;44:ex=01;32:*.tar=01;31:*.tgz=01;31:*.arc=01;31:*.arj=01;31:*.taz=01;31:*.lha=01;31:*.lz4=01;31:*.lzh=01;31:*.lzma=01;31:*.tlz=01;31:*.txz=01;31:*.tzo=01;31:*.t7z=01;31:*.zip=01;31:*.z=01;31:*.Z=01;31:*.dz=01;31:*.gz=01;31:*.lrz=01;31:*.lz=01;31:*.lzo=01;31:*.xz=01;31:*.zst=01;31:*.tzst=01;31:*.bz2=01;31:*.bz=01;31:*.tbz=01;31:*.tbz2=01;31:*.tz=01;31:*.deb=01;31:*.rpm=01;31:*.jar=01;31:*.war=01;31:*.ear=01;31:*.sar=01;31:*.rar=01;31:*.alz=01;31:*.ace=01;31:*.zoo=01;31:*.cpio=01;31:*.7z=01;31:*.rz=01;31:*.cab=01;31:*.wim=01;31:*.swm=01;31:*.dwm=01;31:*.esd=01;31:*.jpg=01;35:*.jpeg=01;35:*.mjpg=01;35:*.mjpeg=01;35:*.gif=01;35:*.bmp=01;35:*.pbm=01;35:*.pgm=01;35:*.ppm=01;35:*.tga=01;35:*.xbm=01;35:*.xpm=01;35:*.tif=01;35:*.tiff=01;35:*.png=01;35:*.svg=01;35:*.svgz=01;35:*.mng=01;35:*.pcx=01;35:*.mov=01;35:*.mpg=01;35:*.mpeg=01;35:*.m2v=01;35:*.mkv=01;35:*.webm=01;35:*.ogm=01;35:*.mp4=01;35:*.m4v=01;35:*.mp4v=01;35:*.vob=01;35:*.qt=01;35:*.nuv=01;35:*.wmv=01;35:*.asf=01;35:*.rm=01;35:*.rmvb=01;35:*.flc=01;35:*.avi=01;35:*.fli=01;35:*.flv=01;35:*.gl=01;35:*.dl=01;35:*.xcf=01;35:*.xwd=01;35:*.yuv=01;35:*.cgm=01;35:*.emf=01;35:*.ogv=01;35:*.ogx=01;35:*.aac=00;36:*.au=00;36:*.flac=00;36:*.m4a=00;36:*.mid=00;36:*.midi=00;36:*.mka=00;36:*.mp3=00;36:*.mpc=00;36:*.ogg=00;36:*.ra=00;36:*.wav=00;36:*.oga=00;36:*.opus=00;36:*.spx=00;36:*.xspf=00;36:'), ('XDG_SESSION_DESKTOP', 'ubuntu'), ('XMODIFIERS', '@im=ibus'), ('GNOME_TERMINAL_SERVICE', ':1.213'), ('XAUTHORITY', '/run/user/1000/gdm/Xauthority'), ('AMENT_PREFIX_PATH', '/home/shorouk/ros2_ws/install/py_srvcli:/home/shorouk/ros2_ws/install/py_pubsub:/home/shorouk/ros2_ws/install/my_python_pkg:/opt/ros/eloquent'), ('SSH_AUTH_SOCK', '/run/user/1000/keyring/ssh'), ('LC_NAME', 'ar_EG.UTF-8'), ('SHELL', '/bin/bash'), ('QT_ACCESSIBILITY', '1'), ('GDMSESSION', 'ubuntu'), ('LESSCLOSE', '/usr/bin/lesspipe %s %s'), ('LC_MEASUREMENT', 'ar_EG.UTF-8'), ('TEXTDOMAINDIR', '/usr/share/locale/'), ('GJS_DEBUG_OUTPUT', 'stderr'), ('GPG_AGENT_INFO', '/run/user/1000/gnupg/S.gpg-agent:0:1'), ('LC_IDENTIFICATION', 'ar_EG.UTF-8'), ('XDG_VTNR', '2'), ('QT_IM_MODULE', 'ibus'), ('PWD', '/home/shorouk/ros2_ws/build/my_cpp_py_pkg'), ('CLUTTER_IM_MODULE', 'xim'), ('XDG_DATA_DIRS', '/usr/share/ubuntu:/usr/local/share/:/usr/share/:/var/lib/snapd/desktop'), ('XDG_CONFIG_DIRS', '/etc/xdg/xdg-ubuntu:/etc/xdg'), ('LC_NUMERIC', 'ar_EG.UTF-8'), ('PYTHONPATH', '/home/shorouk/ros2_ws/install/py_srvcli/lib/python3.6/site-packages:/home/shorouk/ros2_ws/install/py_pubsub/lib/python3.6/site-packages:/home/shorouk/ros2_ws/install/my_python_pkg/lib/python3.6/site-packages:/opt/ros/eloquent/lib/python3.6/site-packages'), ('LC_PAPER', 'ar_EG.UTF-8'), ('COLCON', '1'), ('VTE_VERSION', '5202'), ('CMAKE_PREFIX_PATH', '/home/shorouk/ros2_ws/install/py_srvcli:/home/shorouk/ros2_ws/install/py_pubsub:/home/shorouk/ros2_ws/install/my_python_pkg:/opt/ros/eloquent')]), 'shell': False}
[0.098452] (-) TimerEvent: {}
[0.199586] (-) TimerEvent: {}
[0.241450] (my_cpp_py_pkg) StdoutLine: {'line': b'-- Found ament_cmake: 0.8.2 (/opt/ros/eloquent/share/ament_cmake/cmake)\n'}
[0.299825] (-) TimerEvent: {}
[0.370149] (my_cpp_py_pkg) StdoutLine: {'line': b'-- Using PYTHON_EXECUTABLE: /usr/bin/python3\n'}
[0.400028] (-) TimerEvent: {}
[0.500972] (-) TimerEvent: {}
[0.601805] (-) TimerEvent: {}
[0.702674] (-) TimerEvent: {}
[0.803567] (-) TimerEvent: {}
[0.904450] (-) TimerEvent: {}
[1.005321] (-) TimerEvent: {}
[1.106153] (-) TimerEvent: {}
[1.207209] (-) TimerEvent: {}
[1.308113] (-) TimerEvent: {}
[1.409020] (-) TimerEvent: {}
[1.415687] (my_cpp_py_pkg) StdoutLine: {'line': b'-- Found rclcpp: 0.8.4 (/opt/ros/eloquent/share/rclcpp/cmake)\n'}
[1.485067] (my_cpp_py_pkg) StdoutLine: {'line': b'-- Found rosidl_adapter: 0.8.2 (/opt/ros/eloquent/share/rosidl_adapter/cmake)\n'}
[1.509196] (-) TimerEvent: {}
[1.610094] (-) TimerEvent: {}
[1.680028] (my_cpp_py_pkg) StdoutLine: {'line': b'-- Found rmw_implementation_cmake: 0.8.1 (/opt/ros/eloquent/share/rmw_implementation_cmake/cmake)\n'}
[1.689432] (my_cpp_py_pkg) StdoutLine: {'line': b"-- Using RMW implementation 'rmw_fastrtps_cpp' as default\n"}
[1.710313] (-) TimerEvent: {}
[1.811255] (-) TimerEvent: {}
[1.879427] (my_cpp_py_pkg) StdoutLine: {'line': b'-- Found rclpy: 0.8.4 (/opt/ros/eloquent/share/rclpy/cmake)\n'}
[1.911456] (-) TimerEvent: {}
[2.012494] (-) TimerEvent: {}
[2.113353] (-) TimerEvent: {}
[2.214162] (-) TimerEvent: {}
[2.290137] (my_cpp_py_pkg) StdoutLine: {'line': b'-- Configuring done\n'}
[2.314378] (-) TimerEvent: {}
[2.337627] (my_cpp_py_pkg) StdoutLine: {'line': b'-- Generating done\n'}
[2.346098] (my_cpp_py_pkg) StdoutLine: {'line': b'-- Build files have been written to: /home/shorouk/ros2_ws/build/my_cpp_py_pkg\n'}
[2.414584] (-) TimerEvent: {}
[2.492796] (my_cpp_py_pkg) StdoutLine: {'line': b'[ 50%] \x1b[32m\x1b[1mLinking CXX executable cpp_executable\x1b[0m\n'}
[2.514787] (-) TimerEvent: {}
[2.615710] (-) TimerEvent: {}
[2.681813] (my_cpp_py_pkg) StderrLine: {'line': b"/usr/lib/gcc/x86_64-linux-gnu/7/../../../x86_64-linux-gnu/Scrt1.o: In function `_start':\n"}
[2.683294] (my_cpp_py_pkg) StderrLine: {'line': b"(.text+0x20): undefined reference to `main'\n"}
[2.683947] (my_cpp_py_pkg) StderrLine: {'line': b'collect2: error: ld returned 1 exit status\n'}
[2.687648] (my_cpp_py_pkg) StdoutLine: {'line': b"CMakeFiles/cpp_executable.dir/build.make:129: recipe for target 'cpp_executable' failed\n"}
[2.688720] (my_cpp_py_pkg) StderrLine: {'line': b'make[2]: *** [cpp_executable] Error 1\n'}
[2.692795] (my_cpp_py_pkg) StderrLine: {'line': b'make[1]: *** [CMakeFiles/cpp_executable.dir/all] Error 2\n'}
[2.693825] (my_cpp_py_pkg) StdoutLine: {'line': b"CMakeFiles/Makefile2:131: recipe for target 'CMakeFiles/cpp_executable.dir/all' failed\n"}
[2.695752] (my_cpp_py_pkg) StdoutLine: {'line': b"Makefile:140: recipe for target 'all' failed\n"}
[2.698601] (my_cpp_py_pkg) StderrLine: {'line': b'make: *** [all] Error 2\n'}
[2.700920] (my_cpp_py_pkg) CommandEnded: {'returncode': 2}
[2.716096] (-) TimerEvent: {}
[2.818104] (-) TimerEvent: {}
[2.866131] (my_cpp_py_pkg) JobEnded: {'identifier': 'my_cpp_py_pkg', 'rc': 2}
[2.878884] (-) EventReactorShutdown: {}
