[0.079s] Invoking command in '/home/shorouk/ros2_ws/build/my_cpp_py_pkg': CMAKE_PREFIX_PATH=${CMAKE_PREFIX_PATH}:/home/shorouk/ros2_ws/install/py_srvcli:/home/shorouk/ros2_ws/install/py_pubsub:/home/shorouk/ros2_ws/install/my_python_pkg:/opt/ros/eloquent /usr/bin/cmake --build /home/shorouk/ros2_ws/build/my_cpp_py_pkg -- -j4 -l4
[0.315s] [35m[1mScanning dependencies of target cpp_executable[0m
[0.429s] [ 50%] [32mBuilding CXX object CMakeFiles/cpp_executable.dir/src/cpp_node.cpp.o[0m
[5.902s] [01m[K/home/shorouk/ros2_ws/src/my_cpp_py_pkg/src/cpp_node.cpp:[m[K In member function â€˜[01m[Kvoid MyNode::topic_callback(std_msgs::msg::String_<std::allocator<void> >::SharedPtr) const[m[Kâ€™:
[5.903s] [01m[K/home/shorouk/ros2_ws/src/my_cpp_py_pkg/src/cpp_node.cpp:72:6:[m[K [01;31m[Kerror: [m[Kconflicting declaration â€˜[01m[Kauto message[m[Kâ€™
[5.904s]  auto [01;31m[Kmessage[m[K = std_msgs::msg::String();
[5.904s]       [01;31m[K^~~~~~~[m[K
[5.905s] [01m[K/home/shorouk/ros2_ws/src/my_cpp_py_pkg/src/cpp_node.cpp:70:12:[m[K [01;36m[Knote: [m[Kprevious declaration as â€˜[01m[Kstd_msgs::msg::String_<std::allocator<void> > message[m[Kâ€™
[5.905s]        auto [01;36m[Kmessage[m[K = std_msgs::msg::String();
[5.905s]             [01;36m[K^~~~~~~[m[K
[10.488s] make[2]: *** [CMakeFiles/cpp_executable.dir/src/cpp_node.cpp.o] Error 1
[10.490s] CMakeFiles/cpp_executable.dir/build.make:62: recipe for target 'CMakeFiles/cpp_executable.dir/src/cpp_node.cpp.o' failed
[10.490s] make[1]: *** [CMakeFiles/cpp_executable.dir/all] Error 2
[10.491s] CMakeFiles/Makefile2:131: recipe for target 'CMakeFiles/cpp_executable.dir/all' failed
[10.492s] Makefile:140: recipe for target 'all' failed
[10.493s] make: *** [all] Error 2
[10.500s] Invoked command in '/home/shorouk/ros2_ws/build/my_cpp_py_pkg' returned '2': CMAKE_PREFIX_PATH=${CMAKE_PREFIX_PATH}:/home/shorouk/ros2_ws/install/py_srvcli:/home/shorouk/ros2_ws/install/py_pubsub:/home/shorouk/ros2_ws/install/my_python_pkg:/opt/ros/eloquent /usr/bin/cmake --build /home/shorouk/ros2_ws/build/my_cpp_py_pkg -- -j4 -l4
