[01m[K/home/shorouk/ros2_ws/src/my_cpp_py_pkg/src/cpp_node.cpp:96:31:[m[K [01;31m[Kerror: [m[Kexpected identifier before string constant
    std::string cmd_receiveds1([01;31m[K"What is ?"[m[K);
                               [01;31m[K^~~~~~~~~~~[m[K
[01m[K/home/shorouk/ros2_ws/src/my_cpp_py_pkg/src/cpp_node.cpp:96:31:[m[K [01;31m[Kerror: [m[Kexpected â€˜[01m[K,[m[Kâ€™ or â€˜[01m[K...[m[Kâ€™ before string constant
[01m[K/home/shorouk/ros2_ws/src/my_cpp_py_pkg/src/cpp_node.cpp:[m[K In member function â€˜[01m[Kvoid MyNode::timer_callback()[m[Kâ€™:
[01m[K/home/shorouk/ros2_ws/src/my_cpp_py_pkg/src/cpp_node.cpp:57:20:[m[K [01;31m[Kerror: [m[Kâ€˜[01m[Kcmd_received[m[Kâ€™ was not declared in this scope
     message.data = [01;31m[Kcmd_received[m[K;
                    [01;31m[K^~~~~~~~~~~~[m[K
[01m[K/home/shorouk/ros2_ws/src/my_cpp_py_pkg/src/cpp_node.cpp:57:20:[m[K [01;36m[Knote: [m[Ksuggested alternative: â€˜[01m[Kcmd_receiveds1[m[Kâ€™
     message.data = [01;36m[Kcmd_received[m[K;
                    [01;36m[K^~~~~~~~~~~~[m[K
                    [32m[Kcmd_receiveds1[m[K
make[2]: *** [CMakeFiles/cpp_executable.dir/src/cpp_node.cpp.o] Error 1
make[1]: *** [CMakeFiles/cpp_executable.dir/all] Error 2
make: *** [all] Error 2
