[0.094s] Invoking command in '/home/shorouk/ros2_ws/build/my_cpp_py_pkg': CMAKE_PREFIX_PATH=${CMAKE_PREFIX_PATH}:/home/shorouk/ros2_ws/install/py_srvcli:/home/shorouk/ros2_ws/install/py_pubsub:/home/shorouk/ros2_ws/install/my_python_pkg:/opt/ros/eloquent /usr/bin/cmake --build /home/shorouk/ros2_ws/build/my_cpp_py_pkg -- -j4 -l4
[0.310s] [35m[1mScanning dependencies of target cpp_executable[0m
[0.450s] [ 50%] [32mBuilding CXX object CMakeFiles/cpp_executable.dir/src/cpp_node.cpp.o[0m
[6.345s] [01m[K/home/shorouk/ros2_ws/src/my_cpp_py_pkg/src/cpp_node.cpp:96:31:[m[K [01;31m[Kerror: [m[Kexpected identifier before string constant
[6.346s]     std::string cmd_receiveds1([01;31m[K"What is ?"[m[K);
[6.347s]                                [01;31m[K^~~~~~~~~~~[m[K
[6.347s] [01m[K/home/shorouk/ros2_ws/src/my_cpp_py_pkg/src/cpp_node.cpp:96:31:[m[K [01;31m[Kerror: [m[Kexpected â€˜[01m[K,[m[Kâ€™ or â€˜[01m[K...[m[Kâ€™ before string constant
[6.530s] [01m[K/home/shorouk/ros2_ws/src/my_cpp_py_pkg/src/cpp_node.cpp:[m[K In member function â€˜[01m[Kvoid MyNode::timer_callback()[m[Kâ€™:
[6.531s] [01m[K/home/shorouk/ros2_ws/src/my_cpp_py_pkg/src/cpp_node.cpp:57:20:[m[K [01;31m[Kerror: [m[Kâ€˜[01m[Kcmd_received[m[Kâ€™ was not declared in this scope
[6.532s]      message.data = [01;31m[Kcmd_received[m[K;
[6.533s]                     [01;31m[K^~~~~~~~~~~~[m[K
[6.534s] [01m[K/home/shorouk/ros2_ws/src/my_cpp_py_pkg/src/cpp_node.cpp:57:20:[m[K [01;36m[Knote: [m[Ksuggested alternative: â€˜[01m[Kcmd_receiveds1[m[Kâ€™
[6.535s]      message.data = [01;36m[Kcmd_received[m[K;
[6.536s]                     [01;36m[K^~~~~~~~~~~~[m[K
[6.537s]                     [32m[Kcmd_receiveds1[m[K
[11.344s] CMakeFiles/cpp_executable.dir/build.make:62: recipe for target 'CMakeFiles/cpp_executable.dir/src/cpp_node.cpp.o' failed
[11.346s] make[2]: *** [CMakeFiles/cpp_executable.dir/src/cpp_node.cpp.o] Error 1
[11.347s] make[1]: *** [CMakeFiles/cpp_executable.dir/all] Error 2
[11.347s] CMakeFiles/Makefile2:131: recipe for target 'CMakeFiles/cpp_executable.dir/all' failed
[11.349s] Makefile:140: recipe for target 'all' failed
[11.350s] make: *** [all] Error 2
[11.356s] Invoked command in '/home/shorouk/ros2_ws/build/my_cpp_py_pkg' returned '2': CMAKE_PREFIX_PATH=${CMAKE_PREFIX_PATH}:/home/shorouk/ros2_ws/install/py_srvcli:/home/shorouk/ros2_ws/install/py_pubsub:/home/shorouk/ros2_ws/install/my_python_pkg:/opt/ros/eloquent /usr/bin/cmake --build /home/shorouk/ros2_ws/build/my_cpp_py_pkg -- -j4 -l4
