[0.073s] Invoking command in '/home/shorouk/ros2_ws/build/my_cpp_py_pkg': CMAKE_PREFIX_PATH=${CMAKE_PREFIX_PATH}:/home/shorouk/ros2_ws/install/py_srvcli:/home/shorouk/ros2_ws/install/py_pubsub:/home/shorouk/ros2_ws/install/my_python_pkg:/opt/ros/eloquent /usr/bin/cmake --build /home/shorouk/ros2_ws/build/my_cpp_py_pkg -- -j4 -l4
[0.279s] [35m[1mScanning dependencies of target cpp_executable[0m
[0.386s] [ 50%] [32mBuilding CXX object CMakeFiles/cpp_executable.dir/src/cpp_node.cpp.o[0m
[5.959s] In file included from [01m[K/opt/ros/eloquent/include/rclcpp/client.hpp:39:0[m[K,
[5.960s]                  from [01m[K/opt/ros/eloquent/include/rclcpp/callback_group.hpp:23[m[K,
[5.960s]                  from [01m[K/opt/ros/eloquent/include/rclcpp/any_executable.hpp:20[m[K,
[5.961s]                  from [01m[K/opt/ros/eloquent/include/rclcpp/memory_strategy.hpp:24[m[K,
[5.961s]                  from [01m[K/opt/ros/eloquent/include/rclcpp/memory_strategies.hpp:18[m[K,
[5.962s]                  from [01m[K/opt/ros/eloquent/include/rclcpp/executor.hpp:33[m[K,
[5.963s]                  from [01m[K/opt/ros/eloquent/include/rclcpp/executors/multi_threaded_executor.hpp:25[m[K,
[5.963s]                  from [01m[K/opt/ros/eloquent/include/rclcpp/executors.hpp:21[m[K,
[5.964s]                  from [01m[K/opt/ros/eloquent/include/rclcpp/rclcpp.hpp:145[m[K,
[5.964s]                  from [01m[K/home/shorouk/ros2_ws/src/my_cpp_py_pkg/src/cpp_node.cpp:7[m[K:
[5.965s] [01m[K/home/shorouk/ros2_ws/src/my_cpp_py_pkg/src/cpp_node.cpp:[m[K In member function â€˜[01m[Kvoid MyNode::timer_callback()[m[Kâ€™:
[5.966s] [01m[K/home/shorouk/ros2_ws/src/my_cpp_py_pkg/src/cpp_node.cpp:61:57:[m[K [01;31m[Kerror: [m[Kâ€˜[01m[Kmsg[m[Kâ€™ was not declared in this scope
[5.966s]      RCLCPP_INFO(this->get_logger(), "Publishing: '%s'", [01;31m[Km[m[Ksg.data.c_str());
[5.967s]                                                          [01;31m[K^[m[K
[5.967s] [01m[K/opt/ros/eloquent/include/rcutils/logging_macros.h:72:64:[m[K [01;36m[Knote: [m[Kin definition of macro â€˜[01m[KRCUTILS_LOG_COND_NAMED[m[Kâ€™
[5.967s]        rcutils_log(&__rcutils_logging_location, severity, name, [01;36m[K__VA_ARGS__[m[K); \
[5.968s]                                                                 [01;36m[K^~~~~~~~~~~[m[K
[5.969s] [01m[K/opt/ros/eloquent/include/rclcpp/logging.hpp:541:5:[m[K [01;36m[Knote: [m[Kin expansion of macro â€˜[01m[KRCUTILS_LOG_INFO_NAMED[m[Kâ€™
[5.969s]      [01;36m[KRCUTILS_LOG_INFO_NAMED[m[K( \
[5.970s]      [01;36m[K^~~~~~~~~~~~~~~~~~~~~~[m[K
[5.970s] [01m[K/opt/ros/eloquent/include/rclcpp/logging.hpp:544:9:[m[K [01;36m[Knote: [m[Kin expansion of macro â€˜[01m[KRCLCPP_ALL_BUT_FIRST_ARGS[m[Kâ€™
[5.971s]          [01;36m[KRCLCPP_ALL_BUT_FIRST_ARGS[m[K(__VA_ARGS__,"")); \
[5.972s]          [01;36m[K^~~~~~~~~~~~~~~~~~~~~~~~~[m[K
[5.972s] [01m[K/home/shorouk/ros2_ws/src/my_cpp_py_pkg/src/cpp_node.cpp:61:5:[m[K [01;36m[Knote: [m[Kin expansion of macro â€˜[01m[KRCLCPP_INFO[m[Kâ€™
[5.973s]      [01;36m[KRCLCPP_INFO[m[K(this->get_logger(), "Publishing: '%s'", msg.data.c_str());
[5.973s]      [01;36m[K^~~~~~~~~~~[m[K
[5.974s] [01m[K/home/shorouk/ros2_ws/src/my_cpp_py_pkg/src/cpp_node.cpp:61:57:[m[K [01;36m[Knote: [m[Ksuggested alternatives:
[5.974s]      RCLCPP_INFO(this->get_logger(), "Publishing: '%s'", [01;36m[Km[m[Ksg.data.c_str());
[5.975s]                                                          [01;36m[K^[m[K
[5.975s] [01m[K/opt/ros/eloquent/include/rcutils/logging_macros.h:72:64:[m[K [01;36m[Knote: [m[Kin definition of macro â€˜[01m[KRCUTILS_LOG_COND_NAMED[m[Kâ€™
[5.976s]        rcutils_log(&__rcutils_logging_location, severity, name, [01;36m[K__VA_ARGS__[m[K); \
[5.976s]                                                                 [01;36m[K^~~~~~~~~~~[m[K
[5.977s] [01m[K/opt/ros/eloquent/include/rclcpp/logging.hpp:541:5:[m[K [01;36m[Knote: [m[Kin expansion of macro â€˜[01m[KRCUTILS_LOG_INFO_NAMED[m[Kâ€™
[5.977s]      [01;36m[KRCUTILS_LOG_INFO_NAMED[m[K( \
[5.978s]      [01;36m[K^~~~~~~~~~~~~~~~~~~~~~[m[K
[5.978s] [01m[K/opt/ros/eloquent/include/rclcpp/logging.hpp:544:9:[m[K [01;36m[Knote: [m[Kin expansion of macro â€˜[01m[KRCLCPP_ALL_BUT_FIRST_ARGS[m[Kâ€™
[5.979s]          [01;36m[KRCLCPP_ALL_BUT_FIRST_ARGS[m[K(__VA_ARGS__,"")); \
[5.980s]          [01;36m[K^~~~~~~~~~~~~~~~~~~~~~~~~[m[K
[5.981s] [01m[K/home/shorouk/ros2_ws/src/my_cpp_py_pkg/src/cpp_node.cpp:61:5:[m[K [01;36m[Knote: [m[Kin expansion of macro â€˜[01m[KRCLCPP_INFO[m[Kâ€™
[5.981s]      [01;36m[KRCLCPP_INFO[m[K(this->get_logger(), "Publishing: '%s'", msg.data.c_str());
[5.982s]      [01;36m[K^~~~~~~~~~~[m[K
[5.983s] In file included from [01m[K/opt/ros/eloquent/include/builtin_interfaces/msg/duration.hpp:7:0[m[K,
[5.984s]                  from [01m[K/opt/ros/eloquent/include/rclcpp/duration.hpp:20[m[K,
[5.985s]                  from [01m[K/opt/ros/eloquent/include/rclcpp/qos.hpp:21[m[K,
[5.986s]                  from [01m[K/opt/ros/eloquent/include/rclcpp/publisher_base.hpp:31[m[K,
[5.986s]                  from [01m[K/opt/ros/eloquent/include/rclcpp/callback_group.hpp:24[m[K,
[5.987s]                  from [01m[K/opt/ros/eloquent/include/rclcpp/any_executable.hpp:20[m[K,
[5.988s]                  from [01m[K/opt/ros/eloquent/include/rclcpp/memory_strategy.hpp:24[m[K,
[5.988s]                  from [01m[K/opt/ros/eloquent/include/rclcpp/memory_strategies.hpp:18[m[K,
[5.989s]                  from [01m[K/opt/ros/eloquent/include/rclcpp/executor.hpp:33[m[K,
[5.989s]                  from [01m[K/opt/ros/eloquent/include/rclcpp/executors/multi_threaded_executor.hpp:25[m[K,
[5.990s]                  from [01m[K/opt/ros/eloquent/include/rclcpp/executors.hpp:21[m[K,
[5.990s]                  from [01m[K/opt/ros/eloquent/include/rclcpp/rclcpp.hpp:145[m[K,
[5.991s]                  from [01m[K/home/shorouk/ros2_ws/src/my_cpp_py_pkg/src/cpp_node.cpp:7[m[K:
[5.991s] [01m[K/opt/ros/eloquent/include/builtin_interfaces/msg/duration__struct.hpp:26:11:[m[K [01;36m[Knote: [m[K  â€˜[01m[Kbuiltin_interfaces::msg[m[Kâ€™
[5.992s]  namespace [01;36m[Kmsg[m[K
[5.993s]            [01;36m[K^~~[m[K
[5.994s] In file included from [01m[K/opt/ros/eloquent/include/rcl_interfaces/msg/list_parameters_result.hpp:7:0[m[K,
[5.994s]                  from [01m[K/opt/ros/eloquent/include/rclcpp/node.hpp:32[m[K,
[5.995s]                  from [01m[K/opt/ros/eloquent/include/rclcpp/executors/single_threaded_executor.hpp:28[m[K,
[5.996s]                  from [01m[K/opt/ros/eloquent/include/rclcpp/executors.hpp:22[m[K,
[5.997s]                  from [01m[K/opt/ros/eloquent/include/rclcpp/rclcpp.hpp:145[m[K,
[5.998s]                  from [01m[K/home/shorouk/ros2_ws/src/my_cpp_py_pkg/src/cpp_node.cpp:7[m[K:
[5.999s] [01m[K/opt/ros/eloquent/include/rcl_interfaces/msg/list_parameters_result__struct.hpp:26:11:[m[K [01;36m[Knote: [m[K  â€˜[01m[Krcl_interfaces::msg[m[Kâ€™
[5.999s]  namespace [01;36m[Kmsg[m[K
[6.000s]            [01;36m[K^~~[m[K
[6.001s] In file included from [01m[K/opt/ros/eloquent/include/std_msgs/msg/string.hpp:7:0[m[K,
[6.002s]                  from [01m[K/home/shorouk/ros2_ws/src/my_cpp_py_pkg/src/cpp_node.cpp:8[m[K:
[6.002s] [01m[K/opt/ros/eloquent/include/std_msgs/msg/string__struct.hpp:26:11:[m[K [01;36m[Knote: [m[K  â€˜[01m[Kstd_msgs::msg[m[Kâ€™
[6.003s]  namespace [01;36m[Kmsg[m[K
[6.004s]            [01;36m[K^~~[m[K
[10.569s] CMakeFiles/cpp_executable.dir/build.make:62: recipe for target 'CMakeFiles/cpp_executable.dir/src/cpp_node.cpp.o' failed
[10.570s] make[2]: *** [CMakeFiles/cpp_executable.dir/src/cpp_node.cpp.o] Error 1
[10.571s] CMakeFiles/Makefile2:131: recipe for target 'CMakeFiles/cpp_executable.dir/all' failed
[10.572s] make[1]: *** [CMakeFiles/cpp_executable.dir/all] Error 2
[10.572s] Makefile:140: recipe for target 'all' failed
[10.573s] make: *** [all] Error 2
[10.578s] Invoked command in '/home/shorouk/ros2_ws/build/my_cpp_py_pkg' returned '2': CMAKE_PREFIX_PATH=${CMAKE_PREFIX_PATH}:/home/shorouk/ros2_ws/install/py_srvcli:/home/shorouk/ros2_ws/install/py_pubsub:/home/shorouk/ros2_ws/install/my_python_pkg:/opt/ros/eloquent /usr/bin/cmake --build /home/shorouk/ros2_ws/build/my_cpp_py_pkg -- -j4 -l4
