[0.122s] Invoking command in '/home/shorouk/ros2_ws/build/my_cpp_py_pkg': CMAKE_PREFIX_PATH=${CMAKE_PREFIX_PATH}:/opt/ros/eloquent:/home/shorouk/ros2_ws/install/py_srvcli:/home/shorouk/ros2_ws/install/py_pubsub:/home/shorouk/ros2_ws/install/my_python_pkg /usr/bin/cmake --build /home/shorouk/ros2_ws/build/my_cpp_py_pkg -- -j4 -l4
[0.411s] [35m[1mScanning dependencies of target cpp_executable[0m
[0.557s] [ 50%] [32mBuilding CXX object CMakeFiles/cpp_executable.dir/src/cpp_node.cpp.o[0m
[7.836s] In file included from [01m[K/opt/ros/eloquent/include/rclcpp/client.hpp:39:0[m[K,
[7.837s]                  from [01m[K/opt/ros/eloquent/include/rclcpp/callback_group.hpp:23[m[K,
[7.838s]                  from [01m[K/opt/ros/eloquent/include/rclcpp/any_executable.hpp:20[m[K,
[7.839s]                  from [01m[K/opt/ros/eloquent/include/rclcpp/memory_strategy.hpp:24[m[K,
[7.841s]                  from [01m[K/opt/ros/eloquent/include/rclcpp/memory_strategies.hpp:18[m[K,
[7.841s]                  from [01m[K/opt/ros/eloquent/include/rclcpp/executor.hpp:33[m[K,
[7.842s]                  from [01m[K/opt/ros/eloquent/include/rclcpp/executors/multi_threaded_executor.hpp:25[m[K,
[7.843s]                  from [01m[K/opt/ros/eloquent/include/rclcpp/executors.hpp:21[m[K,
[7.844s]                  from [01m[K/opt/ros/eloquent/include/rclcpp/rclcpp.hpp:145[m[K,
[7.845s]                  from [01m[K/home/shorouk/ros2_ws/src/my_cpp_py_pkg/src/cpp_node.cpp:7[m[K:
[7.846s] [01m[K/home/shorouk/ros2_ws/src/my_cpp_py_pkg/src/cpp_node.cpp:[m[K In member function â€˜[01m[Kvoid MyNode::timer_callback()[m[Kâ€™:
[7.847s] [01m[K/home/shorouk/ros2_ws/src/my_cpp_py_pkg/src/cpp_node.cpp:61:57:[m[K [01;31m[Kerror: [m[Kâ€˜[01m[Kmsg[m[Kâ€™ was not declared in this scope
[7.847s]      RCLCPP_INFO(this->get_logger(), "Publishing: '%s'", [01;31m[Km[m[Ksg.data.c_str());
[7.848s]                                                          [01;31m[K^[m[K
[7.849s] [01m[K/opt/ros/eloquent/include/rcutils/logging_macros.h:72:64:[m[K [01;36m[Knote: [m[Kin definition of macro â€˜[01m[KRCUTILS_LOG_COND_NAMED[m[Kâ€™
[7.851s]        rcutils_log(&__rcutils_logging_location, severity, name, [01;36m[K__VA_ARGS__[m[K); \
[7.852s]                                                                 [01;36m[K^~~~~~~~~~~[m[K
[7.852s] [01m[K/opt/ros/eloquent/include/rclcpp/logging.hpp:541:5:[m[K [01;36m[Knote: [m[Kin expansion of macro â€˜[01m[KRCUTILS_LOG_INFO_NAMED[m[Kâ€™
[7.855s]      [01;36m[KRCUTILS_LOG_INFO_NAMED[m[K( \
[7.856s]      [01;36m[K^~~~~~~~~~~~~~~~~~~~~~[m[K
[7.858s] [01m[K/opt/ros/eloquent/include/rclcpp/logging.hpp:544:9:[m[K [01;36m[Knote: [m[Kin expansion of macro â€˜[01m[KRCLCPP_ALL_BUT_FIRST_ARGS[m[Kâ€™
[7.859s]          [01;36m[KRCLCPP_ALL_BUT_FIRST_ARGS[m[K(__VA_ARGS__,"")); \
[7.860s]          [01;36m[K^~~~~~~~~~~~~~~~~~~~~~~~~[m[K
[7.861s] [01m[K/home/shorouk/ros2_ws/src/my_cpp_py_pkg/src/cpp_node.cpp:61:5:[m[K [01;36m[Knote: [m[Kin expansion of macro â€˜[01m[KRCLCPP_INFO[m[Kâ€™
[7.861s]      [01;36m[KRCLCPP_INFO[m[K(this->get_logger(), "Publishing: '%s'", msg.data.c_str());
[7.863s]      [01;36m[K^~~~~~~~~~~[m[K
[7.864s] [01m[K/home/shorouk/ros2_ws/src/my_cpp_py_pkg/src/cpp_node.cpp:61:57:[m[K [01;36m[Knote: [m[Ksuggested alternatives:
[7.864s]      RCLCPP_INFO(this->get_logger(), "Publishing: '%s'", [01;36m[Km[m[Ksg.data.c_str());
[7.865s]                                                          [01;36m[K^[m[K
[7.867s] [01m[K/opt/ros/eloquent/include/rcutils/logging_macros.h:72:64:[m[K [01;36m[Knote: [m[Kin definition of macro â€˜[01m[KRCUTILS_LOG_COND_NAMED[m[Kâ€™
[7.868s]        rcutils_log(&__rcutils_logging_location, severity, name, [01;36m[K__VA_ARGS__[m[K); \
[7.872s]                                                                 [01;36m[K^~~~~~~~~~~[m[K
[7.873s] [01m[K/opt/ros/eloquent/include/rclcpp/logging.hpp:541:5:[m[K [01;36m[Knote: [m[Kin expansion of macro â€˜[01m[KRCUTILS_LOG_INFO_NAMED[m[Kâ€™
[7.874s]      [01;36m[KRCUTILS_LOG_INFO_NAMED[m[K( \
[7.875s]      [01;36m[K^~~~~~~~~~~~~~~~~~~~~~[m[K
[7.876s] [01m[K/opt/ros/eloquent/include/rclcpp/logging.hpp:544:9:[m[K [01;36m[Knote: [m[Kin expansion of macro â€˜[01m[KRCLCPP_ALL_BUT_FIRST_ARGS[m[Kâ€™
[7.876s]          [01;36m[KRCLCPP_ALL_BUT_FIRST_ARGS[m[K(__VA_ARGS__,"")); \
[7.877s]          [01;36m[K^~~~~~~~~~~~~~~~~~~~~~~~~[m[K
[7.883s] [01m[K/home/shorouk/ros2_ws/src/my_cpp_py_pkg/src/cpp_node.cpp:61:5:[m[K [01;36m[Knote: [m[Kin expansion of macro â€˜[01m[KRCLCPP_INFO[m[Kâ€™
[7.884s]      [01;36m[KRCLCPP_INFO[m[K(this->get_logger(), "Publishing: '%s'", msg.data.c_str());
[7.885s]      [01;36m[K^~~~~~~~~~~[m[K
[7.886s] In file included from [01m[K/opt/ros/eloquent/include/builtin_interfaces/msg/duration.hpp:7:0[m[K,
[7.887s]                  from [01m[K/opt/ros/eloquent/include/rclcpp/duration.hpp:20[m[K,
[7.888s]                  from [01m[K/opt/ros/eloquent/include/rclcpp/qos.hpp:21[m[K,
[7.889s]                  from [01m[K/opt/ros/eloquent/include/rclcpp/publisher_base.hpp:31[m[K,
[7.889s]                  from [01m[K/opt/ros/eloquent/include/rclcpp/callback_group.hpp:24[m[K,
[7.890s]                  from [01m[K/opt/ros/eloquent/include/rclcpp/any_executable.hpp:20[m[K,
[7.891s]                  from [01m[K/opt/ros/eloquent/include/rclcpp/memory_strategy.hpp:24[m[K,
[7.892s]                  from [01m[K/opt/ros/eloquent/include/rclcpp/memory_strategies.hpp:18[m[K,
[7.893s]                  from [01m[K/opt/ros/eloquent/include/rclcpp/executor.hpp:33[m[K,
[7.893s]                  from [01m[K/opt/ros/eloquent/include/rclcpp/executors/multi_threaded_executor.hpp:25[m[K,
[7.894s]                  from [01m[K/opt/ros/eloquent/include/rclcpp/executors.hpp:21[m[K,
[7.895s]                  from [01m[K/opt/ros/eloquent/include/rclcpp/rclcpp.hpp:145[m[K,
[7.896s]                  from [01m[K/home/shorouk/ros2_ws/src/my_cpp_py_pkg/src/cpp_node.cpp:7[m[K:
[7.897s] [01m[K/opt/ros/eloquent/include/builtin_interfaces/msg/duration__struct.hpp:26:11:[m[K [01;36m[Knote: [m[K  â€˜[01m[Kbuiltin_interfaces::msg[m[Kâ€™
[7.898s]  namespace [01;36m[Kmsg[m[K
[7.900s]            [01;36m[K^~~[m[K
[7.901s] In file included from [01m[K/opt/ros/eloquent/include/rcl_interfaces/msg/list_parameters_result.hpp:7:0[m[K,
[7.902s]                  from [01m[K/opt/ros/eloquent/include/rclcpp/node.hpp:32[m[K,
[7.903s]                  from [01m[K/opt/ros/eloquent/include/rclcpp/executors/single_threaded_executor.hpp:28[m[K,
[7.904s]                  from [01m[K/opt/ros/eloquent/include/rclcpp/executors.hpp:22[m[K,
[7.906s]                  from [01m[K/opt/ros/eloquent/include/rclcpp/rclcpp.hpp:145[m[K,
[7.907s]                  from [01m[K/home/shorouk/ros2_ws/src/my_cpp_py_pkg/src/cpp_node.cpp:7[m[K:
[7.911s] [01m[K/opt/ros/eloquent/include/rcl_interfaces/msg/list_parameters_result__struct.hpp:26:11:[m[K [01;36m[Knote: [m[K  â€˜[01m[Krcl_interfaces::msg[m[Kâ€™
[7.912s]  namespace [01;36m[Kmsg[m[K
[7.913s]            [01;36m[K^~~[m[K
[7.914s] In file included from [01m[K/opt/ros/eloquent/include/std_msgs/msg/string.hpp:7:0[m[K,
[7.918s]                  from [01m[K/home/shorouk/ros2_ws/src/my_cpp_py_pkg/src/cpp_node.cpp:8[m[K:
[7.918s] [01m[K/opt/ros/eloquent/include/std_msgs/msg/string__struct.hpp:26:11:[m[K [01;36m[Knote: [m[K  â€˜[01m[Kstd_msgs::msg[m[Kâ€™
[7.919s]  namespace [01;36m[Kmsg[m[K
[7.920s]            [01;36m[K^~~[m[K
[13.595s] make[2]: *** [CMakeFiles/cpp_executable.dir/src/cpp_node.cpp.o] Error 1
[13.596s] CMakeFiles/cpp_executable.dir/build.make:62: recipe for target 'CMakeFiles/cpp_executable.dir/src/cpp_node.cpp.o' failed
[13.597s] make[1]: *** [CMakeFiles/cpp_executable.dir/all] Error 2
[13.597s] CMakeFiles/Makefile2:131: recipe for target 'CMakeFiles/cpp_executable.dir/all' failed
[13.598s] Makefile:140: recipe for target 'all' failed
[13.599s] make: *** [all] Error 2
[13.605s] Invoked command in '/home/shorouk/ros2_ws/build/my_cpp_py_pkg' returned '2': CMAKE_PREFIX_PATH=${CMAKE_PREFIX_PATH}:/opt/ros/eloquent:/home/shorouk/ros2_ws/install/py_srvcli:/home/shorouk/ros2_ws/install/py_pubsub:/home/shorouk/ros2_ws/install/my_python_pkg /usr/bin/cmake --build /home/shorouk/ros2_ws/build/my_cpp_py_pkg -- -j4 -l4
