[0.107s] Invoking command in '/home/shorouk/ros2_ws/build/my_cpp_py_pkg': CMAKE_PREFIX_PATH=${CMAKE_PREFIX_PATH}:/opt/ros/eloquent:/home/shorouk/ros2_ws/install/py_srvcli:/home/shorouk/ros2_ws/install/py_pubsub:/home/shorouk/ros2_ws/install/my_python_pkg /usr/bin/cmake --build /home/shorouk/ros2_ws/build/my_cpp_py_pkg -- -j4 -l4
[0.287s] [35m[1mScanning dependencies of target cpp_executable[0m
[0.399s] [ 50%] [32mBuilding CXX object CMakeFiles/cpp_executable.dir/src/cpp_node.cpp.o[0m
[6.218s] [01m[K/home/shorouk/ros2_ws/src/my_cpp_py_pkg/src/cpp_node.cpp:[m[K In constructor â€˜[01m[KMyNode::MyNode()[m[Kâ€™:
[6.219s] [01m[K/home/shorouk/ros2_ws/src/my_cpp_py_pkg/src/cpp_node.cpp:17:10:[m[K [01;31m[Kerror: [m[Kâ€˜[01m[Kpublisher_[m[Kâ€™ was not declared in this scope
[6.219s]           [01;31m[Kpublisher_[m[K = this->create_publisher<std_msgs::msg::String>("topic1", 10);
[6.220s]           [01;31m[K^~~~~~~~~~[m[K
[6.225s] [01m[K/home/shorouk/ros2_ws/src/my_cpp_py_pkg/src/cpp_node.cpp:17:10:[m[K [01;36m[Knote: [m[Ksuggested alternative: â€˜[01m[Krcl_publisher_t[m[Kâ€™
[6.225s]           [01;36m[Kpublisher_[m[K = this->create_publisher<std_msgs::msg::String>("topic1", 10);
[6.226s]           [01;36m[K^~~~~~~~~~[m[K
[6.227s]           [32m[Krcl_publisher_t[m[K
[6.257s] [01m[K/home/shorouk/ros2_ws/src/my_cpp_py_pkg/src/cpp_node.cpp:[m[K In member function â€˜[01m[Kvoid MyNode::topic_callback(std_msgs::msg::String_<std::allocator<void> >::SharedPtr) const[m[Kâ€™:
[6.258s] [01m[K/home/shorouk/ros2_ws/src/my_cpp_py_pkg/src/cpp_node.cpp:28:7:[m[K [01;31m[Kerror: [m[Kâ€˜[01m[Kpublisher_[m[Kâ€™ was not declared in this scope
[6.258s]        [01;31m[Kpublisher_[m[K->publish(message);
[6.259s]        [01;31m[K^~~~~~~~~~[m[K
[6.264s] [01m[K/home/shorouk/ros2_ws/src/my_cpp_py_pkg/src/cpp_node.cpp:28:7:[m[K [01;36m[Knote: [m[Ksuggested alternative: â€˜[01m[Krcl_publisher_t[m[Kâ€™
[6.265s]        [01;36m[Kpublisher_[m[K->publish(message);
[6.266s]        [01;36m[K^~~~~~~~~~[m[K
[6.267s]        [32m[Krcl_publisher_t[m[K
[10.585s] CMakeFiles/cpp_executable.dir/build.make:62: recipe for target 'CMakeFiles/cpp_executable.dir/src/cpp_node.cpp.o' failed
[10.587s] make[2]: *** [CMakeFiles/cpp_executable.dir/src/cpp_node.cpp.o] Error 1
[10.588s] CMakeFiles/Makefile2:131: recipe for target 'CMakeFiles/cpp_executable.dir/all' failed
[10.588s] make[1]: *** [CMakeFiles/cpp_executable.dir/all] Error 2
[10.589s] Makefile:140: recipe for target 'all' failed
[10.590s] make: *** [all] Error 2
[10.596s] Invoked command in '/home/shorouk/ros2_ws/build/my_cpp_py_pkg' returned '2': CMAKE_PREFIX_PATH=${CMAKE_PREFIX_PATH}:/opt/ros/eloquent:/home/shorouk/ros2_ws/install/py_srvcli:/home/shorouk/ros2_ws/install/py_pubsub:/home/shorouk/ros2_ws/install/my_python_pkg /usr/bin/cmake --build /home/shorouk/ros2_ws/build/my_cpp_py_pkg -- -j4 -l4
