[0.063s] Invoking command in '/home/shorouk/ros2_ws/build/my_cpp_py_pkg': CMAKE_PREFIX_PATH=${CMAKE_PREFIX_PATH}:/home/shorouk/ros2_ws/install/py_srvcli:/home/shorouk/ros2_ws/install/py_pubsub:/home/shorouk/ros2_ws/install/my_python_pkg:/opt/ros/eloquent /usr/bin/cmake --build /home/shorouk/ros2_ws/build/my_cpp_py_pkg -- -j4 -l4
[0.253s] [35m[1mScanning dependencies of target cpp_executable[0m
[0.356s] [ 50%] [32mBuilding CXX object CMakeFiles/cpp_executable.dir/src/cpp_node.cpp.o[0m
[5.405s] [01m[K/home/shorouk/ros2_ws/src/my_cpp_py_pkg/src/cpp_node.cpp:[m[K In member function â€˜[01m[Kvoid MyNode::topic_callback(std_msgs::msg::String_<std::allocator<void> >::SharedPtr) const[m[Kâ€™:
[5.406s] [01m[K/home/shorouk/ros2_ws/src/my_cpp_py_pkg/src/cpp_node.cpp:66:45:[m[K [01;31m[Kerror: [m[Kno matching function for call to â€˜[01m[KMyNode::Direction(const char*) const[m[Kâ€™
[5.406s]    message.data = Direction(msg->data.c_str()[01;31m[K)[m[K;
[5.407s]                                              [01;31m[K^[m[K
[5.407s] [01m[K/home/shorouk/ros2_ws/src/my_cpp_py_pkg/src/cpp_node.cpp:34:9:[m[K [01;36m[Knote: [m[Kcandidate: std::__cxx11::string MyNode::Direction(std_msgs::msg::String_<std::allocator<void> >::SharedPtr)
[5.408s]   string [01;36m[KDirection[m[K(std_msgs::msg::String::SharedPtr  x)
[5.408s]          [01;36m[K^~~~~~~~~[m[K
[5.409s] [01m[K/home/shorouk/ros2_ws/src/my_cpp_py_pkg/src/cpp_node.cpp:34:9:[m[K [01;36m[Knote: [m[K  no known conversion for argument 1 from â€˜[01m[Kconst char*[m[Kâ€™ to â€˜[01m[Kstd_msgs::msg::String_<std::allocator<void> >::SharedPtr {aka std::shared_ptr<std_msgs::msg::String_<std::allocator<void> > >}[m[Kâ€™
[9.500s] CMakeFiles/cpp_executable.dir/build.make:62: recipe for target 'CMakeFiles/cpp_executable.dir/src/cpp_node.cpp.o' failed
[9.501s] make[2]: *** [CMakeFiles/cpp_executable.dir/src/cpp_node.cpp.o] Error 1
[9.502s] CMakeFiles/Makefile2:131: recipe for target 'CMakeFiles/cpp_executable.dir/all' failed
[9.502s] make[1]: *** [CMakeFiles/cpp_executable.dir/all] Error 2
[9.503s] make: *** [all] Error 2
[9.503s] Makefile:140: recipe for target 'all' failed
[9.508s] Invoked command in '/home/shorouk/ros2_ws/build/my_cpp_py_pkg' returned '2': CMAKE_PREFIX_PATH=${CMAKE_PREFIX_PATH}:/home/shorouk/ros2_ws/install/py_srvcli:/home/shorouk/ros2_ws/install/py_pubsub:/home/shorouk/ros2_ws/install/my_python_pkg:/opt/ros/eloquent /usr/bin/cmake --build /home/shorouk/ros2_ws/build/my_cpp_py_pkg -- -j4 -l4
