[0.073s] Invoking command in '/home/shorouk/ros2_ws/build/my_cpp_py_pkg': CMAKE_PREFIX_PATH=${CMAKE_PREFIX_PATH}:/home/shorouk/ros2_ws/install/py_srvcli:/home/shorouk/ros2_ws/install/py_pubsub:/home/shorouk/ros2_ws/install/my_python_pkg:/opt/ros/eloquent /usr/bin/cmake --build /home/shorouk/ros2_ws/build/my_cpp_py_pkg -- -j4 -l4
[0.267s] [35m[1mScanning dependencies of target cpp_executable[0m
[0.369s] [ 50%] [32mBuilding CXX object CMakeFiles/cpp_executable.dir/src/cpp_node.cpp.o[0m
[5.364s] [01m[K/home/shorouk/ros2_ws/src/my_cpp_py_pkg/src/cpp_node.cpp:[m[K In member function â€˜[01m[Kvoid MyNode::topic_callback(std_msgs::msg::String_<std::allocator<void> >::SharedPtr) const[m[Kâ€™:
[5.364s] [01m[K/home/shorouk/ros2_ws/src/my_cpp_py_pkg/src/cpp_node.cpp:36:2:[m[K [01;31m[Kerror: [m[Kâ€˜[01m[Kmsg_[m[Kâ€™ was not declared in this scope
[5.365s]   [01;31m[Kmsg_[m[K>data=msg1->data;
[5.366s]   [01;31m[K^~~~[m[K
[5.368s] [01m[K/home/shorouk/ros2_ws/src/my_cpp_py_pkg/src/cpp_node.cpp:36:2:[m[K [01;36m[Knote: [m[Ksuggested alternative: â€˜[01m[Kmsg[m[Kâ€™
[5.369s]   [01;36m[Kmsg_[m[K>data=msg1->data;
[5.370s]   [01;36m[K^~~~[m[K
[5.371s]   [32m[Kmsg[m[K
[5.372s] [01m[K/home/shorouk/ros2_ws/src/my_cpp_py_pkg/src/cpp_node.cpp:36:7:[m[K [01;31m[Kerror: [m[Kâ€˜[01m[Kdata[m[Kâ€™ was not declared in this scope
[5.373s]   msg_>[01;31m[Kdata[m[K=msg1->data;
[5.374s]        [01;31m[K^~~~[m[K
[9.485s] CMakeFiles/cpp_executable.dir/build.make:62: recipe for target 'CMakeFiles/cpp_executable.dir/src/cpp_node.cpp.o' failed
[9.486s] make[2]: *** [CMakeFiles/cpp_executable.dir/src/cpp_node.cpp.o] Error 1
[9.487s] CMakeFiles/Makefile2:131: recipe for target 'CMakeFiles/cpp_executable.dir/all' failed
[9.488s] make[1]: *** [CMakeFiles/cpp_executable.dir/all] Error 2
[9.489s] Makefile:140: recipe for target 'all' failed
[9.490s] make: *** [all] Error 2
[9.495s] Invoked command in '/home/shorouk/ros2_ws/build/my_cpp_py_pkg' returned '2': CMAKE_PREFIX_PATH=${CMAKE_PREFIX_PATH}:/home/shorouk/ros2_ws/install/py_srvcli:/home/shorouk/ros2_ws/install/py_pubsub:/home/shorouk/ros2_ws/install/my_python_pkg:/opt/ros/eloquent /usr/bin/cmake --build /home/shorouk/ros2_ws/build/my_cpp_py_pkg -- -j4 -l4
