[0.067s] Invoking command in '/home/shorouk/ros2_ws/build/my_cpp_py_pkg': CMAKE_PREFIX_PATH=${CMAKE_PREFIX_PATH}:/home/shorouk/ros2_ws/install/py_srvcli:/home/shorouk/ros2_ws/install/py_pubsub:/home/shorouk/ros2_ws/install/my_python_pkg:/opt/ros/eloquent /usr/bin/cmake --build /home/shorouk/ros2_ws/build/my_cpp_py_pkg -- -j4 -l4
[0.265s] [35m[1mScanning dependencies of target cpp_executable[0m
[0.368s] [ 50%] [32mBuilding CXX object CMakeFiles/cpp_executable.dir/src/cpp_node.cpp.o[0m
[5.398s] [01m[K/home/shorouk/ros2_ws/src/my_cpp_py_pkg/src/cpp_node.cpp:97:4:[m[K [01;31m[Kerror: [m[Kâ€˜[01m[Kmsgback[m[Kâ€™ does not name a type; did you mean â€˜[01m[Ksigstack[m[Kâ€™?
[5.399s]     [01;31m[Kmsgback[m[K =std_msgs::msg::String();
[5.400s]     [01;31m[K^~~~~~~[m[K
[5.400s]     [32m[Ksigstack[m[K
[5.585s] [01m[K/home/shorouk/ros2_ws/src/my_cpp_py_pkg/src/cpp_node.cpp:[m[K In member function â€˜[01m[Kvoid MyNode::topic_callback(std_msgs::msg::String_<std::allocator<void> >::SharedPtr) const[m[Kâ€™:
[5.585s] [01m[K/home/shorouk/ros2_ws/src/my_cpp_py_pkg/src/cpp_node.cpp:41:1:[m[K [01;31m[Kerror: [m[Kâ€˜[01m[KString[m[Kâ€™ was not declared in this scope
[5.586s]  [01;31m[KString[m[K Direction(String x)
[5.586s]  [01;31m[K^~~~~~[m[K
[5.587s] [01m[K/home/shorouk/ros2_ws/src/my_cpp_py_pkg/src/cpp_node.cpp:41:1:[m[K [01;36m[Knote: [m[Ksuggested alternative:
[5.589s] In file included from [01m[K/opt/ros/eloquent/include/std_msgs/msg/string.hpp:7:0[m[K,
[5.590s]                  from [01m[K/home/shorouk/ros2_ws/src/my_cpp_py_pkg/src/cpp_node.cpp:8[m[K:
[5.591s] [01m[K/opt/ros/eloquent/include/std_msgs/msg/string__struct.hpp:122:47:[m[K [01;36m[Knote: [m[K  â€˜[01m[Kstd_msgs::msg::String[m[Kâ€™
[5.592s]    std_msgs::msg::String_<std::allocator<void>>[01;36m[K;[m[K
[5.593s]                                                [01;36m[K^[m[K
[5.594s] [01m[K/home/shorouk/ros2_ws/src/my_cpp_py_pkg/src/cpp_node.cpp:67:3:[m[K [01;31m[Kerror: [m[Kâ€˜[01m[Kmessage[m[Kâ€™ was not declared in this scope
[5.595s]    [01;31m[Kmessage[m[K.data = Direction(msg->data.c_str());
[5.596s]    [01;31m[K^~~~~~~[m[K
[5.596s] [01m[K/home/shorouk/ros2_ws/src/my_cpp_py_pkg/src/cpp_node.cpp:67:18:[m[K [01;31m[Kerror: [m[Kâ€˜[01m[KDirection[m[Kâ€™ was not declared in this scope
[5.597s]    message.data = [01;31m[KDirection[m[K(msg->data.c_str());
[5.598s]                   [01;31m[K^~~~~~~~~[m[K
[5.599s] [01m[K/home/shorouk/ros2_ws/src/my_cpp_py_pkg/src/cpp_node.cpp:67:18:[m[K [01;36m[Knote: [m[Ksuggested alternative: â€˜[01m[Ksigaction[m[Kâ€™
[5.600s]    message.data = [01;36m[KDirection[m[K(msg->data.c_str());
[5.601s]                   [01;36m[K^~~~~~~~~[m[K
[5.602s]                   [32m[Ksigaction[m[K
[9.884s] CMakeFiles/cpp_executable.dir/build.make:62: recipe for target 'CMakeFiles/cpp_executable.dir/src/cpp_node.cpp.o' failed
[9.885s] make[2]: *** [CMakeFiles/cpp_executable.dir/src/cpp_node.cpp.o] Error 1
[9.886s] CMakeFiles/Makefile2:131: recipe for target 'CMakeFiles/cpp_executable.dir/all' failed
[9.886s] make[1]: *** [CMakeFiles/cpp_executable.dir/all] Error 2
[9.887s] Makefile:140: recipe for target 'all' failed
[9.887s] make: *** [all] Error 2
[9.892s] Invoked command in '/home/shorouk/ros2_ws/build/my_cpp_py_pkg' returned '2': CMAKE_PREFIX_PATH=${CMAKE_PREFIX_PATH}:/home/shorouk/ros2_ws/install/py_srvcli:/home/shorouk/ros2_ws/install/py_pubsub:/home/shorouk/ros2_ws/install/my_python_pkg:/opt/ros/eloquent /usr/bin/cmake --build /home/shorouk/ros2_ws/build/my_cpp_py_pkg -- -j4 -l4
