[0.085s] Invoking command in '/home/shorouk/ros2_ws/build/my_cpp_py_pkg': CMAKE_PREFIX_PATH=${CMAKE_PREFIX_PATH}:/home/shorouk/ros2_ws/install/py_srvcli:/home/shorouk/ros2_ws/install/py_pubsub:/home/shorouk/ros2_ws/install/my_python_pkg:/opt/ros/eloquent /usr/bin/cmake --build /home/shorouk/ros2_ws/build/my_cpp_py_pkg -- -j4 -l4
[0.337s] [35m[1mScanning dependencies of target cpp_executable[0m
[0.458s] [ 50%] [32mBuilding CXX object CMakeFiles/cpp_executable.dir/src/cpp_node.cpp.o[0m
[6.759s] [01m[K/home/shorouk/ros2_ws/src/my_cpp_py_pkg/src/cpp_node.cpp:96:31:[m[K [01;31m[Kerror: [m[Kexpected identifier before string constant
[6.760s]     std::string cmd_receiveds1([01;31m[K"What is ?"[m[K);
[6.762s]                                [01;31m[K^~~~~~~~~~~[m[K
[6.763s] [01m[K/home/shorouk/ros2_ws/src/my_cpp_py_pkg/src/cpp_node.cpp:96:31:[m[K [01;31m[Kerror: [m[Kexpected â€˜[01m[K,[m[Kâ€™ or â€˜[01m[K...[m[Kâ€™ before string constant
[6.940s] In file included from [01m[K/opt/ros/eloquent/include/rclcpp/client.hpp:39:0[m[K,
[6.941s]                  from [01m[K/opt/ros/eloquent/include/rclcpp/callback_group.hpp:23[m[K,
[6.943s]                  from [01m[K/opt/ros/eloquent/include/rclcpp/any_executable.hpp:20[m[K,
[6.944s]                  from [01m[K/opt/ros/eloquent/include/rclcpp/memory_strategy.hpp:24[m[K,
[6.945s]                  from [01m[K/opt/ros/eloquent/include/rclcpp/memory_strategies.hpp:18[m[K,
[6.945s]                  from [01m[K/opt/ros/eloquent/include/rclcpp/executor.hpp:33[m[K,
[6.947s]                  from [01m[K/opt/ros/eloquent/include/rclcpp/executors/multi_threaded_executor.hpp:25[m[K,
[6.947s]                  from [01m[K/opt/ros/eloquent/include/rclcpp/executors.hpp:21[m[K,
[6.948s]                  from [01m[K/opt/ros/eloquent/include/rclcpp/rclcpp.hpp:145[m[K,
[6.949s]                  from [01m[K/home/shorouk/ros2_ws/src/my_cpp_py_pkg/src/cpp_node.cpp:7[m[K:
[6.950s] [01m[K/home/shorouk/ros2_ws/src/my_cpp_py_pkg/src/cpp_node.cpp:[m[K In member function â€˜[01m[Kvoid MyNode::timer_callback()[m[Kâ€™:
[6.951s] [01m[K/home/shorouk/ros2_ws/src/my_cpp_py_pkg/src/cpp_node.cpp:58:56:[m[K [01;31m[Kerror: [m[Kâ€˜[01m[Kcmd_received[m[Kâ€™ was not declared in this scope
[6.952s]      RCLCPP_INFO(this->get_logger(), "Publishing: '%s'",[01;31m[Kc[m[Kmd_received);
[6.953s]                                                         [01;31m[K^[m[K
[6.954s] [01m[K/opt/ros/eloquent/include/rcutils/logging_macros.h:72:64:[m[K [01;36m[Knote: [m[Kin definition of macro â€˜[01m[KRCUTILS_LOG_COND_NAMED[m[Kâ€™
[6.955s]        rcutils_log(&__rcutils_logging_location, severity, name, [01;36m[K__VA_ARGS__[m[K); \
[6.955s]                                                                 [01;36m[K^~~~~~~~~~~[m[K
[6.956s] [01m[K/opt/ros/eloquent/include/rclcpp/logging.hpp:541:5:[m[K [01;36m[Knote: [m[Kin expansion of macro â€˜[01m[KRCUTILS_LOG_INFO_NAMED[m[Kâ€™
[6.957s]      [01;36m[KRCUTILS_LOG_INFO_NAMED[m[K( \
[6.958s]      [01;36m[K^~~~~~~~~~~~~~~~~~~~~~[m[K
[6.959s] [01m[K/opt/ros/eloquent/include/rclcpp/logging.hpp:544:9:[m[K [01;36m[Knote: [m[Kin expansion of macro â€˜[01m[KRCLCPP_ALL_BUT_FIRST_ARGS[m[Kâ€™
[6.960s]          [01;36m[KRCLCPP_ALL_BUT_FIRST_ARGS[m[K(__VA_ARGS__,"")); \
[6.961s]          [01;36m[K^~~~~~~~~~~~~~~~~~~~~~~~~[m[K
[6.962s] [01m[K/home/shorouk/ros2_ws/src/my_cpp_py_pkg/src/cpp_node.cpp:58:5:[m[K [01;36m[Knote: [m[Kin expansion of macro â€˜[01m[KRCLCPP_INFO[m[Kâ€™
[6.962s]      [01;36m[KRCLCPP_INFO[m[K(this->get_logger(), "Publishing: '%s'",cmd_received);
[6.963s]      [01;36m[K^~~~~~~~~~~[m[K
[6.964s] [01m[K/home/shorouk/ros2_ws/src/my_cpp_py_pkg/src/cpp_node.cpp:58:56:[m[K [01;36m[Knote: [m[Ksuggested alternative: â€˜[01m[Kcmd_receiveds1[m[Kâ€™
[6.965s]      RCLCPP_INFO(this->get_logger(), "Publishing: '%s'",[01;36m[Kc[m[Kmd_received);
[6.966s]                                                         [01;36m[K^[m[K
[6.967s] [01m[K/opt/ros/eloquent/include/rcutils/logging_macros.h:72:64:[m[K [01;36m[Knote: [m[Kin definition of macro â€˜[01m[KRCUTILS_LOG_COND_NAMED[m[Kâ€™
[6.968s]        rcutils_log(&__rcutils_logging_location, severity, name, [01;36m[K__VA_ARGS__[m[K); \
[6.969s]                                                                 [01;36m[K^~~~~~~~~~~[m[K
[6.969s] [01m[K/opt/ros/eloquent/include/rclcpp/logging.hpp:541:5:[m[K [01;36m[Knote: [m[Kin expansion of macro â€˜[01m[KRCUTILS_LOG_INFO_NAMED[m[Kâ€™
[6.970s]      [01;36m[KRCUTILS_LOG_INFO_NAMED[m[K( \
[6.971s]      [01;36m[K^~~~~~~~~~~~~~~~~~~~~~[m[K
[6.972s] [01m[K/opt/ros/eloquent/include/rclcpp/logging.hpp:544:9:[m[K [01;36m[Knote: [m[Kin expansion of macro â€˜[01m[KRCLCPP_ALL_BUT_FIRST_ARGS[m[Kâ€™
[6.973s]          [01;36m[KRCLCPP_ALL_BUT_FIRST_ARGS[m[K(__VA_ARGS__,"")); \
[6.974s]          [01;36m[K^~~~~~~~~~~~~~~~~~~~~~~~~[m[K
[6.975s] [01m[K/home/shorouk/ros2_ws/src/my_cpp_py_pkg/src/cpp_node.cpp:58:5:[m[K [01;36m[Knote: [m[Kin expansion of macro â€˜[01m[KRCLCPP_INFO[m[Kâ€™
[6.976s]      [01;36m[KRCLCPP_INFO[m[K(this->get_logger(), "Publishing: '%s'",cmd_received);
[6.976s]      [01;36m[K^~~~~~~~~~~[m[K
[6.977s] [01m[K/home/shorouk/ros2_ws/src/my_cpp_py_pkg/src/cpp_node.cpp:59:25:[m[K [01;31m[Kerror: [m[Kâ€˜[01m[Kcmd_received[m[Kâ€™ was not declared in this scope
[6.978s]      publisher_->publish([01;31m[Kcmd_received[m[K);
[6.980s]                          [01;31m[K^~~~~~~~~~~~[m[K
[6.981s] [01m[K/home/shorouk/ros2_ws/src/my_cpp_py_pkg/src/cpp_node.cpp:59:25:[m[K [01;36m[Knote: [m[Ksuggested alternative: â€˜[01m[Kcmd_receiveds1[m[Kâ€™
[6.981s]      publisher_->publish([01;36m[Kcmd_received[m[K);
[6.982s]                          [01;36m[K^~~~~~~~~~~~[m[K
[6.983s]                          [32m[Kcmd_receiveds1[m[K
[11.645s] CMakeFiles/cpp_executable.dir/build.make:62: recipe for target 'CMakeFiles/cpp_executable.dir/src/cpp_node.cpp.o' failed
[11.646s] make[2]: *** [CMakeFiles/cpp_executable.dir/src/cpp_node.cpp.o] Error 1
[11.647s] make[1]: *** [CMakeFiles/cpp_executable.dir/all] Error 2
[11.647s] CMakeFiles/Makefile2:131: recipe for target 'CMakeFiles/cpp_executable.dir/all' failed
[11.648s] Makefile:140: recipe for target 'all' failed
[11.649s] make: *** [all] Error 2
[11.655s] Invoked command in '/home/shorouk/ros2_ws/build/my_cpp_py_pkg' returned '2': CMAKE_PREFIX_PATH=${CMAKE_PREFIX_PATH}:/home/shorouk/ros2_ws/install/py_srvcli:/home/shorouk/ros2_ws/install/py_pubsub:/home/shorouk/ros2_ws/install/my_python_pkg:/opt/ros/eloquent /usr/bin/cmake --build /home/shorouk/ros2_ws/build/my_cpp_py_pkg -- -j4 -l4
