[0.092s] Invoking command in '/home/shorouk/ros2_ws/build/my_cpp_py_pkg': CMAKE_PREFIX_PATH=${CMAKE_PREFIX_PATH}:/opt/ros/eloquent:/home/shorouk/ros2_ws/install/py_srvcli:/home/shorouk/ros2_ws/install/py_pubsub:/home/shorouk/ros2_ws/install/my_python_pkg /usr/bin/cmake --build /home/shorouk/ros2_ws/build/my_cpp_py_pkg -- -j4 -l4
[0.339s] [35m[1mScanning dependencies of target cpp_executable[0m
[0.465s] [ 50%] [32mBuilding CXX object CMakeFiles/cpp_executable.dir/src/cpp_node.cpp.o[0m
[5.967s] [01m[K/home/shorouk/ros2_ws/src/my_cpp_py_pkg/src/cpp_node.cpp:[m[K In constructor â€˜[01m[KMyNode::MyNode()[m[Kâ€™:
[5.968s] [01m[K/home/shorouk/ros2_ws/src/my_cpp_py_pkg/src/cpp_node.cpp:15:5:[m[K [01;31m[Kerror: [m[Kâ€˜[01m[Kpublisher_[m[Kâ€™ was not declared in this scope
[5.968s]      [01;31m[Kpublisher_[m[K = this->create_publisher<std_msgs::msg::String>("topic1", 10);
[5.969s]      [01;31m[K^~~~~~~~~~[m[K
[5.973s] [01m[K/home/shorouk/ros2_ws/src/my_cpp_py_pkg/src/cpp_node.cpp:15:5:[m[K [01;36m[Knote: [m[Ksuggested alternative: â€˜[01m[Krcl_publisher_t[m[Kâ€™
[5.974s]      [01;36m[Kpublisher_[m[K = this->create_publisher<std_msgs::msg::String>("topic1", 10);
[5.974s]      [01;36m[K^~~~~~~~~~[m[K
[5.975s]      [32m[Krcl_publisher_t[m[K
[6.008s] [01m[K/home/shorouk/ros2_ws/src/my_cpp_py_pkg/src/cpp_node.cpp:16:5:[m[K [01;31m[Kerror: [m[Kâ€˜[01m[Ktimer_[m[Kâ€™ was not declared in this scope
[6.008s]      [01;31m[Ktimer_[m[K= this->create_wall_timer(0.5, std::bind(&MyNode::timer_callback, this));
[6.009s]      [01;31m[K^~~~~~[m[K
[6.011s] [01m[K/home/shorouk/ros2_ws/src/my_cpp_py_pkg/src/cpp_node.cpp:16:5:[m[K [01;36m[Knote: [m[Ksuggested alternative: â€˜[01m[Ktimer_t[m[Kâ€™
[6.011s]      [01;36m[Ktimer_[m[K= this->create_wall_timer(0.5, std::bind(&MyNode::timer_callback, this));
[6.012s]      [01;36m[K^~~~~~[m[K
[6.012s]      [32m[Ktimer_t[m[K
[6.013s] [01m[K/home/shorouk/ros2_ws/src/my_cpp_py_pkg/src/cpp_node.cpp:16:61:[m[K [01;31m[Kerror: [m[Kâ€˜[01m[Ktimer_callback[m[Kâ€™ is not a member of â€˜[01m[KMyNode[m[Kâ€™
[6.013s]      timer_= this->create_wall_timer(0.5, std::bind(&MyNode::[01;31m[Ktimer_callback[m[K, this));
[6.014s]                                                              [01;31m[K^~~~~~~~~~~~~~[m[K
[10.521s] CMakeFiles/cpp_executable.dir/build.make:62: recipe for target 'CMakeFiles/cpp_executable.dir/src/cpp_node.cpp.o' failed
[10.523s] make[2]: *** [CMakeFiles/cpp_executable.dir/src/cpp_node.cpp.o] Error 1
[10.523s] CMakeFiles/Makefile2:131: recipe for target 'CMakeFiles/cpp_executable.dir/all' failed
[10.524s] make[1]: *** [CMakeFiles/cpp_executable.dir/all] Error 2
[10.525s] Makefile:140: recipe for target 'all' failed
[10.525s] make: *** [all] Error 2
[10.533s] Invoked command in '/home/shorouk/ros2_ws/build/my_cpp_py_pkg' returned '2': CMAKE_PREFIX_PATH=${CMAKE_PREFIX_PATH}:/opt/ros/eloquent:/home/shorouk/ros2_ws/install/py_srvcli:/home/shorouk/ros2_ws/install/py_pubsub:/home/shorouk/ros2_ws/install/my_python_pkg /usr/bin/cmake --build /home/shorouk/ros2_ws/build/my_cpp_py_pkg -- -j4 -l4
