[0.085s] Invoking command in '/home/shorouk/ros2_ws/build/my_cpp_py_pkg': CMAKE_PREFIX_PATH=${CMAKE_PREFIX_PATH}:/opt/ros/eloquent:/home/shorouk/ros2_ws/install/py_srvcli:/home/shorouk/ros2_ws/install/py_pubsub:/home/shorouk/ros2_ws/install/my_python_pkg /usr/bin/cmake --build /home/shorouk/ros2_ws/build/my_cpp_py_pkg -- -j4 -l4
[0.360s] [35m[1mScanning dependencies of target cpp_executable[0m
[0.518s] [ 50%] [32mBuilding CXX object CMakeFiles/cpp_executable.dir/src/cpp_node.cpp.o[0m
[7.445s] [01m[K/home/shorouk/ros2_ws/src/my_cpp_py_pkg/src/cpp_node.cpp:[m[K In constructor â€˜[01m[KMyNode::MyNode()[m[Kâ€™:
[7.446s] [01m[K/home/shorouk/ros2_ws/src/my_cpp_py_pkg/src/cpp_node.cpp:16:5:[m[K [01;31m[Kerror: [m[Kâ€˜[01m[Kpublisher_[m[Kâ€™ was not declared in this scope
[7.448s]      [01;31m[Kpublisher_[m[K = this->create_publisher<std_msgs::msg::String>("topic1", 10);
[7.448s]      [01;31m[K^~~~~~~~~~[m[K
[7.452s] [01m[K/home/shorouk/ros2_ws/src/my_cpp_py_pkg/src/cpp_node.cpp:16:5:[m[K [01;36m[Knote: [m[Ksuggested alternative: â€˜[01m[Krcl_publisher_t[m[Kâ€™
[7.453s]      [01;36m[Kpublisher_[m[K = this->create_publisher<std_msgs::msg::String>("topic1", 10);
[7.454s]      [01;36m[K^~~~~~~~~~[m[K
[7.455s]      [32m[Krcl_publisher_t[m[K
[7.487s] [01m[K/home/shorouk/ros2_ws/src/my_cpp_py_pkg/src/cpp_node.cpp:17:5:[m[K [01;31m[Kerror: [m[Kâ€˜[01m[Ktimer_[m[Kâ€™ was not declared in this scope
[7.488s]      [01;31m[Ktimer_[m[K= this->create_wall_timer(0.5, std::bind(&MyNode::timer_callback, this));
[7.489s]      [01;31m[K^~~~~~[m[K
[7.491s] [01m[K/home/shorouk/ros2_ws/src/my_cpp_py_pkg/src/cpp_node.cpp:17:5:[m[K [01;36m[Knote: [m[Ksuggested alternative: â€˜[01m[Ktimer_t[m[Kâ€™
[7.492s]      [01;36m[Ktimer_[m[K= this->create_wall_timer(0.5, std::bind(&MyNode::timer_callback, this));
[7.493s]      [01;36m[K^~~~~~[m[K
[7.495s]      [32m[Ktimer_t[m[K
[7.534s] [01m[K/home/shorouk/ros2_ws/src/my_cpp_py_pkg/src/cpp_node.cpp:17:82:[m[K [01;31m[Kerror: [m[Kno matching function for call to â€˜[01m[KMyNode::create_wall_timer(double, std::_Bind_helper<false, void (MyNode::*)(), MyNode*>::type)[m[Kâ€™
[7.535s]  timer_= this->create_wall_timer(0.5, std::bind(&MyNode::timer_callback, this)[01;31m[K)[m[K;
[7.536s]                                                                               [01;31m[K^[m[K
[7.537s] In file included from [01m[K/opt/ros/eloquent/include/rclcpp/executors/single_threaded_executor.hpp:28:0[m[K,
[7.538s]                  from [01m[K/opt/ros/eloquent/include/rclcpp/executors.hpp:22[m[K,
[7.540s]                  from [01m[K/opt/ros/eloquent/include/rclcpp/rclcpp.hpp:145[m[K,
[7.541s]                  from [01m[K/home/shorouk/ros2_ws/src/my_cpp_py_pkg/src/cpp_node.cpp:7[m[K:
[7.543s] [01m[K/opt/ros/eloquent/include/rclcpp/node.hpp:227:3:[m[K [01;36m[Knote: [m[Kcandidate: template<class DurationRepT, class DurationT, class CallbackT> typename rclcpp::WallTimer<CallbackT>::SharedPtr rclcpp::Node::create_wall_timer(std::chrono::duration<_Rep1, _Period1>, CallbackT, rclcpp::callback_group::CallbackGroup::SharedPtr)
[7.545s]    [01;36m[Kcreate_wall_timer[m[K(
[7.546s]    [01;36m[K^~~~~~~~~~~~~~~~~[m[K
[7.547s] [01m[K/opt/ros/eloquent/include/rclcpp/node.hpp:227:3:[m[K [01;36m[Knote: [m[K  template argument deduction/substitution failed:
[7.549s] [01m[K/home/shorouk/ros2_ws/src/my_cpp_py_pkg/src/cpp_node.cpp:17:82:[m[K [01;36m[Knote: [m[K  mismatched types â€˜[01m[Kstd::chrono::duration<_Rep1, _Period1>[m[Kâ€™ and â€˜[01m[Kdouble[m[Kâ€™
[7.550s]  timer_= this->create_wall_timer(0.5, std::bind(&MyNode::timer_callback, this)[01;36m[K)[m[K;
[7.551s]                                                                               [01;36m[K^[m[K
[7.613s] [01m[K/home/shorouk/ros2_ws/src/my_cpp_py_pkg/src/cpp_node.cpp:[m[K In member function â€˜[01m[Kvoid MyNode::timer_callback()[m[Kâ€™:
[7.614s] [01m[K/home/shorouk/ros2_ws/src/my_cpp_py_pkg/src/cpp_node.cpp:30:5:[m[K [01;31m[Kerror: [m[Kâ€˜[01m[Kpublisher_[m[Kâ€™ was not declared in this scope
[7.615s]      [01;31m[Kpublisher_[m[K->publish(message);
[7.616s]      [01;31m[K^~~~~~~~~~[m[K
[7.622s] [01m[K/home/shorouk/ros2_ws/src/my_cpp_py_pkg/src/cpp_node.cpp:30:5:[m[K [01;36m[Knote: [m[Ksuggested alternative: â€˜[01m[Krcl_publisher_t[m[Kâ€™
[7.623s]      [01;36m[Kpublisher_[m[K->publish(message);
[7.624s]      [01;36m[K^~~~~~~~~~[m[K
[7.625s]      [32m[Krcl_publisher_t[m[K
[12.801s] CMakeFiles/cpp_executable.dir/build.make:62: recipe for target 'CMakeFiles/cpp_executable.dir/src/cpp_node.cpp.o' failed
[12.803s] make[2]: *** [CMakeFiles/cpp_executable.dir/src/cpp_node.cpp.o] Error 1
[12.804s] CMakeFiles/Makefile2:131: recipe for target 'CMakeFiles/cpp_executable.dir/all' failed
[12.805s] make[1]: *** [CMakeFiles/cpp_executable.dir/all] Error 2
[12.805s] Makefile:140: recipe for target 'all' failed
[12.806s] make: *** [all] Error 2
[12.814s] Invoked command in '/home/shorouk/ros2_ws/build/my_cpp_py_pkg' returned '2': CMAKE_PREFIX_PATH=${CMAKE_PREFIX_PATH}:/opt/ros/eloquent:/home/shorouk/ros2_ws/install/py_srvcli:/home/shorouk/ros2_ws/install/py_pubsub:/home/shorouk/ros2_ws/install/my_python_pkg /usr/bin/cmake --build /home/shorouk/ros2_ws/build/my_cpp_py_pkg -- -j4 -l4
