[01m[K/home/shorouk/ros2_ws/src/my_cpp_py_pkg/src/cpp_node.cpp:97:4:[m[K [01;31m[Kerror: [m[Kâ€˜[01m[Kmsgback[m[Kâ€™ does not name a type; did you mean â€˜[01m[Ksigstack[m[Kâ€™?
    [01;31m[Kmsgback[m[K =std_msgs::msg::String();
    [01;31m[K^~~~~~~[m[K
    [32m[Ksigstack[m[K
[01m[K/home/shorouk/ros2_ws/src/my_cpp_py_pkg/src/cpp_node.cpp:[m[K In member function â€˜[01m[Kvoid MyNode::topic_callback(std_msgs::msg::String_<std::allocator<void> >::SharedPtr) const[m[Kâ€™:
[01m[K/home/shorouk/ros2_ws/src/my_cpp_py_pkg/src/cpp_node.cpp:41:1:[m[K [01;31m[Kerror: [m[Kâ€˜[01m[KString[m[Kâ€™ was not declared in this scope
 [01;31m[KString[m[K Direction(String x)
 [01;31m[K^~~~~~[m[K
[01m[K/home/shorouk/ros2_ws/src/my_cpp_py_pkg/src/cpp_node.cpp:41:1:[m[K [01;36m[Knote: [m[Ksuggested alternative:
In file included from [01m[K/opt/ros/eloquent/include/std_msgs/msg/string.hpp:7:0[m[K,
                 from [01m[K/home/shorouk/ros2_ws/src/my_cpp_py_pkg/src/cpp_node.cpp:8[m[K:
[01m[K/opt/ros/eloquent/include/std_msgs/msg/string__struct.hpp:122:47:[m[K [01;36m[Knote: [m[K  â€˜[01m[Kstd_msgs::msg::String[m[Kâ€™
   std_msgs::msg::String_<std::allocator<void>>[01;36m[K;[m[K
                                               [01;36m[K^[m[K
[01m[K/home/shorouk/ros2_ws/src/my_cpp_py_pkg/src/cpp_node.cpp:67:18:[m[K [01;31m[Kerror: [m[Kâ€˜[01m[KDirection[m[Kâ€™ was not declared in this scope
   message.data = [01;31m[KDirection[m[K(msg->data.c_str());
                  [01;31m[K^~~~~~~~~[m[K
[01m[K/home/shorouk/ros2_ws/src/my_cpp_py_pkg/src/cpp_node.cpp:67:18:[m[K [01;36m[Knote: [m[Ksuggested alternative: â€˜[01m[Ksigaction[m[Kâ€™
   message.data = [01;36m[KDirection[m[K(msg->data.c_str());
                  [01;36m[K^~~~~~~~~[m[K
                  [32m[Ksigaction[m[K
make[2]: *** [CMakeFiles/cpp_executable.dir/src/cpp_node.cpp.o] Error 1
make[1]: *** [CMakeFiles/cpp_executable.dir/all] Error 2
make: *** [all] Error 2
