[0.000000] (-) TimerEvent: {}
[0.002993] (-) JobUnselected: {'identifier': 'my_python_pkg'}
[0.003282] (-) JobUnselected: {'identifier': 'py_pubsub'}
[0.007911] (-) JobUnselected: {'identifier': 'py_srvcli'}
[0.008083] (-) JobUnselected: {'identifier': 'tutorial_interfaces'}
[0.008236] (my_cpp_py_pkg) JobQueued: {'identifier': 'my_cpp_py_pkg', 'dependencies': OrderedDict()}
[0.008392] (my_cpp_py_pkg) JobStarted: {'identifier': 'my_cpp_py_pkg'}
[0.063476] (my_cpp_py_pkg) JobProgress: {'identifier': 'my_cpp_py_pkg', 'progress': 'cmake'}
[0.066490] (my_cpp_py_pkg) Command: {'cmd': ['/usr/bin/cmake', '/home/shorouk/ros2_ws/src/my_cpp_py_pkg', '-DCMAKE_INSTALL_PREFIX=/home/shorouk/ros2_ws/install/my_cpp_py_pkg'], 'cwd': '/home/shorouk/ros2_ws/build/my_cpp_py_pkg', 'env': OrderedDict([('GJS_DEBUG_TOPICS', 'JS ERROR;JS LOG'), ('LESSOPEN', '| /usr/bin/lesspipe %s'), ('USER', 'shorouk'), ('LC_TIME', 'ar_EG.UTF-8'), ('TEXTDOMAIN', 'im-config'), ('XDG_SEAT', 'seat0'), ('SSH_AGENT_PID', '1543'), ('XDG_SESSION_TYPE', 'x11'), ('SHLVL', '1'), ('OLDPWD', '/home/shorouk'), ('QT4_IM_MODULE', 'xim'), ('HOME', '/home/shorouk'), ('DESKTOP_SESSION', 'ubuntu'), ('GNOME_SHELL_SESSION_MODE', 'ubuntu'), ('GTK_MODULES', 'gail:atk-bridge'), ('LC_MONETARY', 'ar_EG.UTF-8'), ('DBUS_SESSION_BUS_ADDRESS', 'unix:path=/run/user/1000/bus'), ('COLORTERM', 'truecolor'), ('COLCON_PREFIX_PATH', '/home/shorouk/ros2_ws/install'), ('IM_CONFIG_PHASE', '2'), ('LOGNAME', 'shorouk'), ('GTK_IM_MODULE', 'ibus'), ('_', '/usr/bin/colcon'), ('USERNAME', 'shorouk'), ('XDG_SESSION_ID', '2'), ('TERM', 'xterm-256color'), ('GNOME_DESKTOP_SESSION_ID', 'this-is-deprecated'), ('WINDOWPATH', '2'), ('PATH', '/usr/local/sbin:/usr/local/bin:/usr/sbin:/usr/bin:/sbin:/bin:/usr/games:/usr/local/games:/snap/bin'), ('SESSION_MANAGER', 'local/shorouk-Inspiron-5521:@/tmp/.ICE-unix/1448,unix/shorouk-Inspiron-5521:/tmp/.ICE-unix/1448'), ('XDG_MENU_PREFIX', 'gnome-'), ('GNOME_TERMINAL_SCREEN', '/org/gnome/Terminal/screen/1b248841_7e64_4eff_a123_ee5f945f0c8e'), ('LC_ADDRESS', 'ar_EG.UTF-8'), ('XDG_RUNTIME_DIR', '/run/user/1000'), ('DISPLAY', ':0'), ('LANG', 'en_US.UTF-8'), ('XDG_CURRENT_DESKTOP', 'ubuntu:GNOME'), ('LC_TELEPHONE', 'ar_EG.UTF-8'), ('LS_COLORS', 'rs=0:di=01;34:ln=01;36:mh=00:pi=40;33:so=01;35:do=01;35:bd=40;33;01:cd=40;33;01:or=40;31;01:mi=00:su=37;41:sg=30;43:ca=30;41:tw=30;42:ow=34;42:st=37;44:ex=01;32:*.tar=01;31:*.tgz=01;31:*.arc=01;31:*.arj=01;31:*.taz=01;31:*.lha=01;31:*.lz4=01;31:*.lzh=01;31:*.lzma=01;31:*.tlz=01;31:*.txz=01;31:*.tzo=01;31:*.t7z=01;31:*.zip=01;31:*.z=01;31:*.Z=01;31:*.dz=01;31:*.gz=01;31:*.lrz=01;31:*.lz=01;31:*.lzo=01;31:*.xz=01;31:*.zst=01;31:*.tzst=01;31:*.bz2=01;31:*.bz=01;31:*.tbz=01;31:*.tbz2=01;31:*.tz=01;31:*.deb=01;31:*.rpm=01;31:*.jar=01;31:*.war=01;31:*.ear=01;31:*.sar=01;31:*.rar=01;31:*.alz=01;31:*.ace=01;31:*.zoo=01;31:*.cpio=01;31:*.7z=01;31:*.rz=01;31:*.cab=01;31:*.wim=01;31:*.swm=01;31:*.dwm=01;31:*.esd=01;31:*.jpg=01;35:*.jpeg=01;35:*.mjpg=01;35:*.mjpeg=01;35:*.gif=01;35:*.bmp=01;35:*.pbm=01;35:*.pgm=01;35:*.ppm=01;35:*.tga=01;35:*.xbm=01;35:*.xpm=01;35:*.tif=01;35:*.tiff=01;35:*.png=01;35:*.svg=01;35:*.svgz=01;35:*.mng=01;35:*.pcx=01;35:*.mov=01;35:*.mpg=01;35:*.mpeg=01;35:*.m2v=01;35:*.mkv=01;35:*.webm=01;35:*.ogm=01;35:*.mp4=01;35:*.m4v=01;35:*.mp4v=01;35:*.vob=01;35:*.qt=01;35:*.nuv=01;35:*.wmv=01;35:*.asf=01;35:*.rm=01;35:*.rmvb=01;35:*.flc=01;35:*.avi=01;35:*.fli=01;35:*.flv=01;35:*.gl=01;35:*.dl=01;35:*.xcf=01;35:*.xwd=01;35:*.yuv=01;35:*.cgm=01;35:*.emf=01;35:*.ogv=01;35:*.ogx=01;35:*.aac=00;36:*.au=00;36:*.flac=00;36:*.m4a=00;36:*.mid=00;36:*.midi=00;36:*.mka=00;36:*.mp3=00;36:*.mpc=00;36:*.ogg=00;36:*.ra=00;36:*.wav=00;36:*.oga=00;36:*.opus=00;36:*.spx=00;36:*.xspf=00;36:'), ('XDG_SESSION_DESKTOP', 'ubuntu'), ('XMODIFIERS', '@im=ibus'), ('GNOME_TERMINAL_SERVICE', ':1.213'), ('XAUTHORITY', '/run/user/1000/gdm/Xauthority'), ('AMENT_PREFIX_PATH', '/home/shorouk/ros2_ws/install/py_srvcli:/home/shorouk/ros2_ws/install/py_pubsub:/home/shorouk/ros2_ws/install/my_python_pkg'), ('SSH_AUTH_SOCK', '/run/user/1000/keyring/ssh'), ('LC_NAME', 'ar_EG.UTF-8'), ('SHELL', '/bin/bash'), ('QT_ACCESSIBILITY', '1'), ('GDMSESSION', 'ubuntu'), ('LESSCLOSE', '/usr/bin/lesspipe %s %s'), ('LC_MEASUREMENT', 'ar_EG.UTF-8'), ('TEXTDOMAINDIR', '/usr/share/locale/'), ('GJS_DEBUG_OUTPUT', 'stderr'), ('GPG_AGENT_INFO', '/run/user/1000/gnupg/S.gpg-agent:0:1'), ('LC_IDENTIFICATION', 'ar_EG.UTF-8'), ('XDG_VTNR', '2'), ('QT_IM_MODULE', 'ibus'), ('PWD', '/home/shorouk/ros2_ws/build/my_cpp_py_pkg'), ('CLUTTER_IM_MODULE', 'xim'), ('XDG_DATA_DIRS', '/usr/share/ubuntu:/usr/local/share/:/usr/share/:/var/lib/snapd/desktop'), ('XDG_CONFIG_DIRS', '/etc/xdg/xdg-ubuntu:/etc/xdg'), ('LC_NUMERIC', 'ar_EG.UTF-8'), ('PYTHONPATH', '/home/shorouk/ros2_ws/install/py_srvcli/lib/python3.6/site-packages:/home/shorouk/ros2_ws/install/py_pubsub/lib/python3.6/site-packages:/home/shorouk/ros2_ws/install/my_python_pkg/lib/python3.6/site-packages'), ('LC_PAPER', 'ar_EG.UTF-8'), ('COLCON', '1'), ('VTE_VERSION', '5202'), ('CMAKE_PREFIX_PATH', '/home/shorouk/ros2_ws/install/py_srvcli:/home/shorouk/ros2_ws/install/py_pubsub:/home/shorouk/ros2_ws/install/my_python_pkg')]), 'shell': False}
[0.098230] (-) TimerEvent: {}
[0.176095] (my_cpp_py_pkg) StderrLine: {'line': b'CMake Error at CMakeLists.txt:11 (find_package):\n'}
[0.177850] (my_cpp_py_pkg) StderrLine: {'line': b'  By not providing "Findament_cmake.cmake" in CMAKE_MODULE_PATH this project\n'}
[0.178466] (my_cpp_py_pkg) StderrLine: {'line': b'  has asked CMake to find a package configuration file provided by\n'}
[0.178973] (my_cpp_py_pkg) StderrLine: {'line': b'  "ament_cmake", but CMake did not find one.\n'}
[0.179472] (my_cpp_py_pkg) StderrLine: {'line': b'\n'}
[0.179941] (my_cpp_py_pkg) StderrLine: {'line': b'  Could not find a package configuration file provided by "ament_cmake" with\n'}
[0.180392] (my_cpp_py_pkg) StderrLine: {'line': b'  any of the following names:\n'}
[0.180881] (my_cpp_py_pkg) StderrLine: {'line': b'\n'}
[0.181621] (my_cpp_py_pkg) StderrLine: {'line': b'    ament_cmakeConfig.cmake\n'}
[0.182302] (my_cpp_py_pkg) StderrLine: {'line': b'    ament_cmake-config.cmake\n'}
[0.183221] (my_cpp_py_pkg) StderrLine: {'line': b'\n'}
[0.184109] (my_cpp_py_pkg) StderrLine: {'line': b'  Add the installation prefix of "ament_cmake" to CMAKE_PREFIX_PATH or set\n'}
[0.184764] (my_cpp_py_pkg) StderrLine: {'line': b'  "ament_cmake_DIR" to a directory containing one of the above files.  If\n'}
[0.186511] (my_cpp_py_pkg) StderrLine: {'line': b'  "ament_cmake" provides a separate development package or SDK, be sure it\n'}
[0.187737] (my_cpp_py_pkg) StderrLine: {'line': b'  has been installed.\n'}
[0.188924] (my_cpp_py_pkg) StderrLine: {'line': b'\n'}
[0.189570] (my_cpp_py_pkg) StderrLine: {'line': b'\n'}
[0.190095] (my_cpp_py_pkg) StdoutLine: {'line': b'-- Configuring incomplete, errors occurred!\n'}
[0.190869] (my_cpp_py_pkg) StdoutLine: {'line': b'See also "/home/shorouk/ros2_ws/build/my_cpp_py_pkg/CMakeFiles/CMakeOutput.log".\n'}
[0.192387] (my_cpp_py_pkg) CommandEnded: {'returncode': 1}
[0.199127] (-) TimerEvent: {}
[0.256542] (my_cpp_py_pkg) StderrLine: {'line': b'Traceback (most recent call last):\n  File "/usr/lib/python3/dist-packages/colcon_core/executor/__init__.py", line 91, in __call__\n    rc = await self.task(*args, **kwargs)\n  File "/usr/lib/python3/dist-packages/colcon_core/task/__init__.py", line 93, in __call__\n    return await task_method(*args, **kwargs)\n  File "/usr/lib/python3/dist-packages/colcon_ros/task/ament_cmake/build.py", line 66, in build\n    if await has_target(args.build_base, \'install\'):\n  File "/usr/lib/python3/dist-packages/colcon_cmake/task/cmake/__init__.py", line 57, in has_target\n    return target in await get_makefile_targets(path)\n  File "/usr/lib/python3/dist-packages/colcon_cmake/task/cmake/__init__.py", line 78, in get_makefile_targets\n    CMAKE_EXECUTABLE, \'--build\', path, \'--target\', \'help\'], cwd=path)\n  File "/usr/lib/python3/dist-packages/colcon_core/subprocess.py", line 110, in check_output\n    \'Expected {args} to pass: {stderr_data}\'.format_map(locals())\nAssertionError: Expected [\'/usr/bin/cmake\', \'--build\', \'/home/shorouk/ros2_ws/build/my_cpp_py_pkg\', \'--target\', \'help\'] to pass: make: *** No rule to make target \'help\'.  Stop.\n\n'}
[0.257881] (my_cpp_py_pkg) JobEnded: {'identifier': 'my_cpp_py_pkg', 'rc': 1}
[0.270587] (-) EventReactorShutdown: {}
