[0.078s] Invoking command in '/home/shorouk/ros2_ws/build/my_cpp_py_pkg': CMAKE_PREFIX_PATH=${CMAKE_PREFIX_PATH}:/opt/ros/eloquent:/home/shorouk/ros2_ws/install/py_srvcli:/home/shorouk/ros2_ws/install/py_pubsub:/home/shorouk/ros2_ws/install/my_python_pkg /usr/bin/cmake --build /home/shorouk/ros2_ws/build/my_cpp_py_pkg -- -j4 -l4
[0.291s] [35m[1mScanning dependencies of target cpp_executable[0m
[0.400s] [ 50%] [32mBuilding CXX object CMakeFiles/cpp_executable.dir/src/cpp_node.cpp.o[0m
[5.908s] [01m[K/home/shorouk/ros2_ws/src/my_cpp_py_pkg/src/cpp_node.cpp:15:18:[m[K [01;31m[Kerror: [m[Kâ€˜[01m[KString[m[Kâ€™ was not declared in this scope
[5.909s]  string Direction([01;31m[KString[m[K x){
[5.910s]                   [01;31m[K^~~~~~[m[K
[5.911s] [01m[K/home/shorouk/ros2_ws/src/my_cpp_py_pkg/src/cpp_node.cpp:15:18:[m[K [01;36m[Knote: [m[Ksuggested alternative:
[5.912s] In file included from [01m[K/opt/ros/eloquent/include/std_msgs/msg/string.hpp:7:0[m[K,
[5.913s]                  from [01m[K/home/shorouk/ros2_ws/src/my_cpp_py_pkg/src/cpp_node.cpp:8[m[K:
[5.914s] [01m[K/opt/ros/eloquent/include/std_msgs/msg/string__struct.hpp:122:47:[m[K [01;36m[Knote: [m[K  â€˜[01m[Kstd_msgs::msg::String[m[Kâ€™
[5.915s]    std_msgs::msg::String_<std::allocator<void>>[01;36m[K;[m[K
[5.916s]                                                [01;36m[K^[m[K
[5.917s] [01m[K/home/shorouk/ros2_ws/src/my_cpp_py_pkg/src/cpp_node.cpp:15:27:[m[K [01;31m[Kerror: [m[Kexpected â€˜[01m[K,[m[Kâ€™ or â€˜[01m[K;[m[Kâ€™ before â€˜[01m[K{[m[Kâ€™ token
[5.918s]  string Direction(String x)[01;31m[K{[m[K
[5.919s]                            [01;31m[K^[m[K
[11.224s] make[2]: *** [CMakeFiles/cpp_executable.dir/src/cpp_node.cpp.o] Error 1
[11.225s] CMakeFiles/cpp_executable.dir/build.make:62: recipe for target 'CMakeFiles/cpp_executable.dir/src/cpp_node.cpp.o' failed
[11.226s] CMakeFiles/Makefile2:131: recipe for target 'CMakeFiles/cpp_executable.dir/all' failed
[11.227s] make[1]: *** [CMakeFiles/cpp_executable.dir/all] Error 2
[11.227s] make: *** [all] Error 2
[11.234s] Makefile:140: recipe for target 'all' failed
[11.236s] Invoked command in '/home/shorouk/ros2_ws/build/my_cpp_py_pkg' returned '2': CMAKE_PREFIX_PATH=${CMAKE_PREFIX_PATH}:/opt/ros/eloquent:/home/shorouk/ros2_ws/install/py_srvcli:/home/shorouk/ros2_ws/install/py_pubsub:/home/shorouk/ros2_ws/install/my_python_pkg /usr/bin/cmake --build /home/shorouk/ros2_ws/build/my_cpp_py_pkg -- -j4 -l4
