[0.066s] Invoking command in '/home/shorouk/ros2_ws/build/my_cpp_py_pkg': CMAKE_PREFIX_PATH=${CMAKE_PREFIX_PATH}:/home/shorouk/ros2_ws/install/py_srvcli:/home/shorouk/ros2_ws/install/py_pubsub:/home/shorouk/ros2_ws/install/my_python_pkg:/opt/ros/eloquent /usr/bin/cmake --build /home/shorouk/ros2_ws/build/my_cpp_py_pkg -- -j4 -l4
[0.256s] [35m[1mScanning dependencies of target cpp_executable[0m
[0.356s] [ 50%] [32mBuilding CXX object CMakeFiles/cpp_executable.dir/src/cpp_node.cpp.o[0m
[5.589s] [01m[K/home/shorouk/ros2_ws/src/my_cpp_py_pkg/src/cpp_node.cpp:41:4:[m[K [01;31m[Kerror: [m[Kâ€˜[01m[KString[m[Kâ€™ does not name a type; did you mean â€˜[01m[Kstdin[m[Kâ€™?
[5.590s]     [01;31m[KString[m[K Direction(String x)
[5.591s]     [01;31m[K^~~~~~[m[K
[5.591s]     [32m[Kstdin[m[K
[5.875s] [01m[K/home/shorouk/ros2_ws/src/my_cpp_py_pkg/src/cpp_node.cpp:[m[K In member function â€˜[01m[Kvoid MyNode::topic_callback(std_msgs::msg::String_<std::allocator<void> >::SharedPtr) const[m[Kâ€™:
[5.876s] [01m[K/home/shorouk/ros2_ws/src/my_cpp_py_pkg/src/cpp_node.cpp:79:4:[m[K [01;31m[Kerror: [m[Kâ€˜[01m[Kmessgae[m[Kâ€™ was not declared in this scope
[5.876s]     [01;31m[Kmessage[m[K.data= "Right + Down";
[5.877s]     [01;31m[K^~~~~~~[m[K
[5.878s] [01m[K/home/shorouk/ros2_ws/src/my_cpp_py_pkg/src/cpp_node.cpp:79:4:[m[K [01;36m[Knote: [m[Ksuggested alternative: â€˜[01m[Kmessage[m[Kâ€™
[5.879s]     [01;36m[Kmessage[m[K.data= "Right + Down";
[5.880s]     [01;36m[K^~~~~~~[m[K
[5.880s]     [32m[Kmessage[m[K
