[0.073s] Invoking command in '/home/shorouk/ros2_ws/build/my_cpp_py_pkg': CMAKE_PREFIX_PATH=${CMAKE_PREFIX_PATH}:/home/shorouk/ros2_ws/install/py_srvcli:/home/shorouk/ros2_ws/install/py_pubsub:/home/shorouk/ros2_ws/install/my_python_pkg:/opt/ros/eloquent /usr/bin/cmake --build /home/shorouk/ros2_ws/build/my_cpp_py_pkg -- -j4 -l4
[0.272s] [35m[1mScanning dependencies of target cpp_executable[0m
[0.373s] [ 50%] [32mBuilding CXX object CMakeFiles/cpp_executable.dir/src/cpp_node.cpp.o[0m
[5.414s] [01m[K/home/shorouk/ros2_ws/src/my_cpp_py_pkg/src/cpp_node.cpp:[m[K In member function â€˜[01m[Kvoid MyNode::topic_callback(std_msgs::msg::String_<std::allocator<void> >::SharedPtr) const[m[Kâ€™:
[5.415s] [01m[K/home/shorouk/ros2_ws/src/my_cpp_py_pkg/src/cpp_node.cpp:42:30:[m[K [01;31m[Kerror: [m[Kcannot convert â€˜[01m[Kstd_msgs::msg::String_<std::allocator<void> >::_data_type {aka std::__cxx11::basic_string<char>}[m[Kâ€™ to â€˜[01m[Kconst char*[m[Kâ€™ for argument â€˜[01m[K1[m[Kâ€™ to â€˜[01m[Kint strcmp(const char*, const char*)[m[Kâ€™
[5.416s]       if(!strcmp(msg->data,"1"[01;31m[K)[m[K)
[5.417s]                               [01;31m[K^[m[K
[5.417s] [01m[K/home/shorouk/ros2_ws/src/my_cpp_py_pkg/src/cpp_node.cpp:46:12:[m[K [01;31m[Kerror: [m[Kâ€˜[01m[Ksrtcmp[m[Kâ€™ was not declared in this scope
[5.418s]    else if(![01;31m[Ksrtcmp[m[K(msg->data,"2"))
[5.418s]             [01;31m[K^~~~~~[m[K
[5.419s] [01m[K/home/shorouk/ros2_ws/src/my_cpp_py_pkg/src/cpp_node.cpp:46:12:[m[K [01;36m[Knote: [m[Ksuggested alternative: â€˜[01m[Kstrncmp[m[Kâ€™
[5.419s]    else if(![01;36m[Ksrtcmp[m[K(msg->data,"2"))
[5.420s]             [01;36m[K^~~~~~[m[K
[5.420s]             [32m[Kstrncmp[m[K
[9.608s] CMakeFiles/cpp_executable.dir/build.make:62: recipe for target 'CMakeFiles/cpp_executable.dir/src/cpp_node.cpp.o' failed
[9.609s] make[2]: *** [CMakeFiles/cpp_executable.dir/src/cpp_node.cpp.o] Error 1
[9.610s] CMakeFiles/Makefile2:131: recipe for target 'CMakeFiles/cpp_executable.dir/all' failed
[9.611s] make[1]: *** [CMakeFiles/cpp_executable.dir/all] Error 2
[9.611s] Makefile:140: recipe for target 'all' failed
[9.612s] make: *** [all] Error 2
[9.616s] Invoked command in '/home/shorouk/ros2_ws/build/my_cpp_py_pkg' returned '2': CMAKE_PREFIX_PATH=${CMAKE_PREFIX_PATH}:/home/shorouk/ros2_ws/install/py_srvcli:/home/shorouk/ros2_ws/install/py_pubsub:/home/shorouk/ros2_ws/install/my_python_pkg:/opt/ros/eloquent /usr/bin/cmake --build /home/shorouk/ros2_ws/build/my_cpp_py_pkg -- -j4 -l4
