[35m[1mScanning dependencies of target cpp_executable[0m
[ 50%] [32mBuilding CXX object CMakeFiles/cpp_executable.dir/src/cpp_node.cpp.o[0m
[01m[K/home/shorouk/ros2_ws/src/my_cpp_py_pkg/src/cpp_node.cpp:15:1:[m[K [01;31m[Kerror: [m[Kâ€˜[01m[Kstring[m[Kâ€™ does not name a type; did you mean â€˜[01m[Kstdin[m[Kâ€™?
 [01;31m[Kstring[m[K Direction(string x)
 [01;31m[K^~~~~~[m[K
 [32m[Kstdin[m[K
[01m[K/home/shorouk/ros2_ws/src/my_cpp_py_pkg/src/cpp_node.cpp:[m[K In member function â€˜[01m[Kvoid MyNode::topic_callback(std_msgs::msg::String_<std::allocator<void> >::SharedPtr) const[m[Kâ€™:
[01m[K/home/shorouk/ros2_ws/src/my_cpp_py_pkg/src/cpp_node.cpp:72:18:[m[K [01;31m[Kerror: [m[Kâ€˜[01m[KDirection[m[Kâ€™ was not declared in this scope
   message.data = [01;31m[KDirection[m[K(msg->data.c_str());
                  [01;31m[K^~~~~~~~~[m[K
[01m[K/home/shorouk/ros2_ws/src/my_cpp_py_pkg/src/cpp_node.cpp:72:18:[m[K [01;36m[Knote: [m[Ksuggested alternative: â€˜[01m[Ksigaction[m[Kâ€™
   message.data = [01;36m[KDirection[m[K(msg->data.c_str());
                  [01;36m[K^~~~~~~~~[m[K
                  [32m[Ksigaction[m[K
CMakeFiles/cpp_executable.dir/build.make:62: recipe for target 'CMakeFiles/cpp_executable.dir/src/cpp_node.cpp.o' failed
make[2]: *** [CMakeFiles/cpp_executable.dir/src/cpp_node.cpp.o] Error 1
CMakeFiles/Makefile2:131: recipe for target 'CMakeFiles/cpp_executable.dir/all' failed
make[1]: *** [CMakeFiles/cpp_executable.dir/all] Error 2
make: *** [all] Error 2
Makefile:140: recipe for target 'all' failed
