[01m[K/home/shorouk/ros2_ws/src/my_cpp_py_pkg/src/cpp_node.cpp:95:4:[m[K [01;31m[Kerror: [m[Kâ€˜[01m[Kmsgback[m[Kâ€™ does not name a type; did you mean â€˜[01m[Ksigstack[m[Kâ€™?
    [01;31m[Kmsgback[m[K =std_msgs::msg::String();
    [01;31m[K^~~~~~~[m[K
    [32m[Ksigstack[m[K
[01m[K/home/shorouk/ros2_ws/src/my_cpp_py_pkg/src/cpp_node.cpp:[m[K In member function â€˜[01m[Kvoid MyNode::topic_callback(std_msgs::msg::String_<std::allocator<void> >::SharedPtr) const[m[Kâ€™:
[01m[K/home/shorouk/ros2_ws/src/my_cpp_py_pkg/src/cpp_node.cpp:40:2:[m[K [01;31m[Kerror: [m[Ka function-definition is not allowed here before â€˜[01m[K{[m[Kâ€™ token
  [01;31m[K{[m[K
  [01;31m[K^[m[K
make[2]: *** [CMakeFiles/cpp_executable.dir/src/cpp_node.cpp.o] Error 1
make[1]: *** [CMakeFiles/cpp_executable.dir/all] Error 2
make: *** [all] Error 2
