[0.084s] Invoking command in '/home/shorouk/ros2_ws/build/my_cpp_py_pkg': CMAKE_PREFIX_PATH=/home/shorouk/ros2_ws/install/py_srvcli:/home/shorouk/ros2_ws/install/py_pubsub:/home/shorouk/ros2_ws/install/my_python_pkg:/opt/ros/eloquent /usr/bin/cmake /home/shorouk/ros2_ws/src/my_cpp_py_pkg -DCMAKE_INSTALL_PREFIX=/home/shorouk/ros2_ws/install/my_cpp_py_pkg
[0.200s] -- Found ament_cmake: 0.8.2 (/opt/ros/eloquent/share/ament_cmake/cmake)
[0.422s] -- Found PythonInterp: /usr/bin/python3 (found suitable version "3.6.9", minimum required is "3") 
[0.423s] -- Using PYTHON_EXECUTABLE: /usr/bin/python3
[1.716s] -- Found rclcpp: 0.8.4 (/opt/ros/eloquent/share/rclcpp/cmake)
[1.934s] -- Found rosidl_adapter: 0.8.2 (/opt/ros/eloquent/share/rosidl_adapter/cmake)
[2.378s] -- Found rmw_implementation_cmake: 0.8.1 (/opt/ros/eloquent/share/rmw_implementation_cmake/cmake)
[2.388s] -- Using RMW implementation 'rmw_fastrtps_cpp' as default
[2.424s] -- Looking for pthread.h
[2.911s] -- Looking for pthread.h - found
[2.925s] -- Looking for pthread_create
[3.241s] -- Looking for pthread_create - not found
[3.242s] -- Looking for pthread_create in pthreads
[3.513s] -- Looking for pthread_create in pthreads - not found
[3.514s] -- Looking for pthread_create in pthread
[3.831s] -- Looking for pthread_create in pthread - found
[3.836s] -- Found Threads: TRUE  
[4.184s] -- Found rclpy: 0.8.4 (/opt/ros/eloquent/share/rclpy/cmake)
[4.765s] -- Configuring done
[4.972s] -- Generating done
[4.997s] -- Build files have been written to: /home/shorouk/ros2_ws/build/my_cpp_py_pkg
[5.008s] Invoked command in '/home/shorouk/ros2_ws/build/my_cpp_py_pkg' returned '0': CMAKE_PREFIX_PATH=/home/shorouk/ros2_ws/install/py_srvcli:/home/shorouk/ros2_ws/install/py_pubsub:/home/shorouk/ros2_ws/install/my_python_pkg:/opt/ros/eloquent /usr/bin/cmake /home/shorouk/ros2_ws/src/my_cpp_py_pkg -DCMAKE_INSTALL_PREFIX=/home/shorouk/ros2_ws/install/my_cpp_py_pkg
[5.020s] Invoking command in '/home/shorouk/ros2_ws/build/my_cpp_py_pkg': CMAKE_PREFIX_PATH=/home/shorouk/ros2_ws/install/py_srvcli:/home/shorouk/ros2_ws/install/py_pubsub:/home/shorouk/ros2_ws/install/my_python_pkg:/opt/ros/eloquent /usr/bin/cmake --build /home/shorouk/ros2_ws/build/my_cpp_py_pkg -- -j4 -l4
[5.203s] [35m[1mScanning dependencies of target cpp_executable[0m
[5.251s] [ 50%] [32mBuilding CXX object CMakeFiles/cpp_executable.dir/src/cpp_node.cpp.o[0m
[5.339s] [100%] [32m[1mLinking CXX executable cpp_executable[0m
[5.550s] /usr/lib/gcc/x86_64-linux-gnu/7/../../../x86_64-linux-gnu/Scrt1.o: In function `_start':
[5.550s] (.text+0x20): undefined reference to `main'
[5.551s] collect2: error: ld returned 1 exit status
[5.555s] CMakeFiles/cpp_executable.dir/build.make:129: recipe for target 'cpp_executable' failed
[5.556s] make[2]: *** [cpp_executable] Error 1
[5.557s] make[1]: *** [CMakeFiles/cpp_executable.dir/all] Error 2
[5.557s] CMakeFiles/Makefile2:131: recipe for target 'CMakeFiles/cpp_executable.dir/all' failed
[5.558s] Makefile:140: recipe for target 'all' failed
[5.558s] make: *** [all] Error 2
[5.564s] Invoked command in '/home/shorouk/ros2_ws/build/my_cpp_py_pkg' returned '2': CMAKE_PREFIX_PATH=/home/shorouk/ros2_ws/install/py_srvcli:/home/shorouk/ros2_ws/install/py_pubsub:/home/shorouk/ros2_ws/install/my_python_pkg:/opt/ros/eloquent /usr/bin/cmake --build /home/shorouk/ros2_ws/build/my_cpp_py_pkg -- -j4 -l4
