[35m[1mScanning dependencies of target cpp_executable[0m
[ 50%] [32mBuilding CXX object CMakeFiles/cpp_executable.dir/src/cpp_node.cpp.o[0m
[01m[K/home/shorouk/ros2_ws/src/my_cpp_py_pkg/src/cpp_node.cpp:34:2:[m[K [01;31m[Kerror: [m[Kâ€˜[01m[KString[m[Kâ€™ does not name a type; did you mean â€˜[01m[Kstdin[m[Kâ€™?
  [01;31m[KString[m[K Direction(std_msgs::msg::String::SharedPtr  x)
  [01;31m[K^~~~~~[m[K
  [32m[Kstdin[m[K
make[2]: *** [CMakeFiles/cpp_executable.dir/src/cpp_node.cpp.o] Error 1
CMakeFiles/cpp_executable.dir/build.make:62: recipe for target 'CMakeFiles/cpp_executable.dir/src/cpp_node.cpp.o' failed
CMakeFiles/Makefile2:131: recipe for target 'CMakeFiles/cpp_executable.dir/all' failed
make[1]: *** [CMakeFiles/cpp_executable.dir/all] Error 2
Makefile:140: recipe for target 'all' failed
make: *** [all] Error 2
