[0.068s] Invoking command in '/home/shorouk/ros2_ws/build/my_cpp_py_pkg': CMAKE_PREFIX_PATH=${CMAKE_PREFIX_PATH}:/home/shorouk/ros2_ws/install/py_srvcli:/home/shorouk/ros2_ws/install/py_pubsub:/home/shorouk/ros2_ws/install/my_python_pkg:/opt/ros/eloquent /usr/bin/cmake --build /home/shorouk/ros2_ws/build/my_cpp_py_pkg -- -j4 -l4
[0.257s] [35m[1mScanning dependencies of target cpp_executable[0m
[0.357s] [ 50%] [32mBuilding CXX object CMakeFiles/cpp_executable.dir/src/cpp_node.cpp.o[0m
[5.014s] [01m[K/home/shorouk/ros2_ws/src/my_cpp_py_pkg/src/cpp_node.cpp:34:2:[m[K [01;31m[Kerror: [m[Kâ€˜[01m[KString[m[Kâ€™ does not name a type; did you mean â€˜[01m[Kstdin[m[Kâ€™?
[5.015s]   [01;31m[KString[m[K Direction(std_msgs::msg::String::SharedPtr  x)
[5.015s]   [01;31m[K^~~~~~[m[K
[5.016s]   [32m[Kstdin[m[K
[9.301s] make[2]: *** [CMakeFiles/cpp_executable.dir/src/cpp_node.cpp.o] Error 1
[9.302s] CMakeFiles/cpp_executable.dir/build.make:62: recipe for target 'CMakeFiles/cpp_executable.dir/src/cpp_node.cpp.o' failed
[9.303s] CMakeFiles/Makefile2:131: recipe for target 'CMakeFiles/cpp_executable.dir/all' failed
[9.303s] make[1]: *** [CMakeFiles/cpp_executable.dir/all] Error 2
[9.304s] Makefile:140: recipe for target 'all' failed
[9.304s] make: *** [all] Error 2
[9.309s] Invoked command in '/home/shorouk/ros2_ws/build/my_cpp_py_pkg' returned '2': CMAKE_PREFIX_PATH=${CMAKE_PREFIX_PATH}:/home/shorouk/ros2_ws/install/py_srvcli:/home/shorouk/ros2_ws/install/py_pubsub:/home/shorouk/ros2_ws/install/my_python_pkg:/opt/ros/eloquent /usr/bin/cmake --build /home/shorouk/ros2_ws/build/my_cpp_py_pkg -- -j4 -l4
